=== MS-VARMA-GARCH Verbose Output ===
Started: 2025-12-05 12:01:14 
Data dimensions: 300 x 2 
Number of states: 2 
Model type: multivariate 


=== MS-VARMA-GARCH Model Fitting ===
Model type: multivariate 
Number of states: 2 
Sample size: 300 
Control parameters:
  max_iter: 28 
  tol: 0.001 
  dcc_boundary_threshold: 0.02 
  dcc_boundary_criterion: bic 
  dcc_allow_refitting: TRUE 

Fitting the MS-ARMA-GARCH model via C++ EM algorithm...


==========================================================
EM Iteration 1... 
=== TESTING OBJECTIVE AT START PARAMS ===

=== OBJECTIVE FUNCTION DIAGNOSTIC ===
Weight summary: min = 0.2691279 , max = 0.6125591 , mean = 0.506166 
Effective sample size: 297.6505 
Params: alpha = 0.04 , beta = 0.93 
Qbar eigenvalues: 1.026458 0.9510907 
Negative log-likelihood: 428.738 
Number of valid obs: 299 / 299 
Start NLL: 428.738 

=== DCC M-STEP DIAGNOSTIC ===
Starting DCC params:
alpha_1  beta_1 
   0.04    0.93 

Optimized DCC params:
   alpha_1     beta_1 
0.15210871 0.08166383 

Optimization convergence: 0 
Final objective value: 426.1943 
Optimizer convergence code: 0 
  0 = success, 1 = maxit reached, 51/52 = warning
Starting NLL: 428.738 
Final NLL: 426.1943 
Improvement: 2.543687 
Function evaluations: 8 
At boundary: FALSE 

=== TESTING OBJECTIVE AT START PARAMS ===

=== OBJECTIVE FUNCTION DIAGNOSTIC ===
Weight summary: min = 0.3874409 , max = 0.7308721 , mean = 0.493834 
Effective sample size: 297.5825 
Params: alpha = 0.13 , beta = 0.82 
Qbar eigenvalues: 1.023978 0.960862 
Negative log-likelihood: 422.085 
Number of valid obs: 299 / 299 
Start NLL: 422.085 

=== DCC M-STEP DIAGNOSTIC ===
Starting DCC params:
alpha_1  beta_1 
   0.13    0.82 

Optimized DCC params:
   alpha_1     beta_1 
0.17053337 0.05235652 

Optimization convergence: 0 
Final objective value: 416.2029 
Optimizer convergence code: 0 
  0 = success, 1 = maxit reached, 51/52 = warning
Starting NLL: 422.085 
Final NLL: 416.2029 
Improvement: 5.882172 
Function evaluations: 9 
At boundary: FALSE 

=== EM ITERATION 1 ===

=== EM ITERATION 1 ===
  LL before M-step: -780.683
  LL after M-step:  -765.002
  Change: 15.6814
Log-Likelihood: -765.002 (Duration: 00:00:20)


==========================================================
EM Iteration 2... 
=== TESTING OBJECTIVE AT START PARAMS ===

=== OBJECTIVE FUNCTION DIAGNOSTIC ===
Weight summary: min = 0.2728728 , max = 0.5702606 , mean = 0.5058494 
Effective sample size: 297.6707 
Params: alpha = 0.04 , beta = 0.93 
Qbar eigenvalues: 1.02431 0.9532706 
Negative log-likelihood: 428.4716 
Number of valid obs: 299 / 299 
Start NLL: 428.4716 

=== DCC M-STEP DIAGNOSTIC ===
Starting DCC params:
alpha_1  beta_1 
   0.04    0.93 

Optimized DCC params:
   alpha_1     beta_1 
0.15195711 0.06759884 

Optimization convergence: 0 
Final objective value: 425.9047 
Optimizer convergence code: 0 
  0 = success, 1 = maxit reached, 51/52 = warning
Starting NLL: 428.4716 
Final NLL: 425.9047 
Improvement: 2.566902 
Function evaluations: 8 
At boundary: FALSE 

=== TESTING OBJECTIVE AT START PARAMS ===

=== OBJECTIVE FUNCTION DIAGNOSTIC ===
Weight summary: min = 0.4297394 , max = 0.7271272 , mean = 0.4941506 
Effective sample size: 297.6073 
Params: alpha = 0.13 , beta = 0.82 
Qbar eigenvalues: 1.025363 0.9580833 
Negative log-likelihood: 422.2636 
Number of valid obs: 299 / 299 
Start NLL: 422.2636 

=== DCC M-STEP DIAGNOSTIC ===
Starting DCC params:
alpha_1  beta_1 
   0.13    0.82 

Optimized DCC params:
   alpha_1     beta_1 
0.17131251 0.06220448 

Optimization convergence: 0 
Final objective value: 416.3748 
Optimizer convergence code: 0 
  0 = success, 1 = maxit reached, 51/52 = warning
Starting NLL: 422.2636 
Final NLL: 416.3748 
Improvement: 5.888749 
Function evaluations: 9 
At boundary: FALSE 

=== EM ITERATION 2 ===

=== EM ITERATION 2 ===
  LL before M-step: -765.002
  LL after M-step:  -764.953
  Change: 0.0484187
Log-Likelihood: -764.953 (Duration: 00:00:19)


==========================================================
EM Iteration 3... 
=== TESTING OBJECTIVE AT START PARAMS ===

=== OBJECTIVE FUNCTION DIAGNOSTIC ===
Weight summary: min = 0.2683261 , max = 0.5733086 , mean = 0.5052889 
Effective sample size: 297.4197 
Params: alpha = 0.04 , beta = 0.93 
Qbar eigenvalues: 1.0228 0.9538828 
Negative log-likelihood: 427.9329 
Number of valid obs: 299 / 299 
Start NLL: 427.9329 

=== DCC M-STEP DIAGNOSTIC ===
Starting DCC params:
alpha_1  beta_1 
   0.04    0.93 

Optimized DCC params:
   alpha_1     beta_1 
0.14882014 0.05766228 

Optimization convergence: 0 
Final objective value: 425.42 
Optimizer convergence code: 0 
  0 = success, 1 = maxit reached, 51/52 = warning
Starting NLL: 427.9329 
Final NLL: 425.42 
Improvement: 2.512891 
Function evaluations: 9 
At boundary: FALSE 

=== TESTING OBJECTIVE AT START PARAMS ===

=== OBJECTIVE FUNCTION DIAGNOSTIC ===
Weight summary: min = 0.4266914 , max = 0.7316739 , mean = 0.4947111 
Effective sample size: 297.3517 
Params: alpha = 0.13 , beta = 0.82 
Qbar eigenvalues: 1.026291 0.9568522 
Negative log-likelihood: 422.697 
Number of valid obs: 299 / 299 
Start NLL: 422.697 

=== DCC M-STEP DIAGNOSTIC ===
Starting DCC params:
alpha_1  beta_1 
   0.13    0.82 

Optimized DCC params:
   alpha_1     beta_1 
0.17398858 0.06855238 

Optimization convergence: 0 
Final objective value: 416.779 
Optimizer convergence code: 0 
  0 = success, 1 = maxit reached, 51/52 = warning
Starting NLL: 422.697 
Final NLL: 416.779 
Improvement: 5.917973 
Function evaluations: 10 
At boundary: FALSE 

=== EM ITERATION 3 ===

=== EM ITERATION 3 ===
  LL before M-step: -764.953
  LL after M-step:  -764.911
  Change: 0.0423839
Log-Likelihood: -764.911 (Duration: 00:00:18)


==========================================================
EM Iteration 4... 
=== TESTING OBJECTIVE AT START PARAMS ===

=== OBJECTIVE FUNCTION DIAGNOSTIC ===
Weight summary: min = 0.2738175 , max = 0.5747942 , mean = 0.5045844 
Effective sample size: 297.0492 
Params: alpha = 0.04 , beta = 0.93 
Qbar eigenvalues: 1.020558 0.9561124 
Negative log-likelihood: 427.3284 
Number of valid obs: 299 / 299 
Start NLL: 427.3284 

=== DCC M-STEP DIAGNOSTIC ===
Starting DCC params:
alpha_1  beta_1 
   0.04    0.93 

Optimized DCC params:
  alpha_1    beta_1 
0.1434427 0.0479575 

Optimization convergence: 0 
Final objective value: 424.9194 
Optimizer convergence code: 0 
  0 = success, 1 = maxit reached, 51/52 = warning
Starting NLL: 427.3284 
Final NLL: 424.9194 
Improvement: 2.409005 
Function evaluations: 9 
At boundary: FALSE 

=== TESTING OBJECTIVE AT START PARAMS ===

=== OBJECTIVE FUNCTION DIAGNOSTIC ===
Weight summary: min = 0.4252058 , max = 0.7261825 , mean = 0.4954156 
Effective sample size: 296.9768 
Params: alpha = 0.13 , beta = 0.82 
Qbar eigenvalues: 1.028122 0.9550912 
Negative log-likelihood: 423.2857 
Number of valid obs: 299 / 299 
Start NLL: 423.2857 

=== DCC M-STEP DIAGNOSTIC ===
Starting DCC params:
alpha_1  beta_1 
   0.13    0.82 

Optimized DCC params:
   alpha_1     beta_1 
0.17843236 0.07484004 

Optimization convergence: 0 
Final objective value: 417.2995 
Optimizer convergence code: 0 
  0 = success, 1 = maxit reached, 51/52 = warning
Starting NLL: 423.2857 
Final NLL: 417.2995 
Improvement: 5.986263 
Function evaluations: 10 
At boundary: FALSE 

=== EM ITERATION 4 ===

=== EM ITERATION 4 ===
  LL before M-step: -764.911
  LL after M-step:  -764.854
  Change: 0.0572992
Log-Likelihood: -764.854 (Duration: 00:00:14)


==========================================================
EM Iteration 5... 
=== TESTING OBJECTIVE AT START PARAMS ===

=== OBJECTIVE FUNCTION DIAGNOSTIC ===
Weight summary: min = 0.2824504 , max = 0.5732209 , mean = 0.5037771 
Effective sample size: 296.4904 
Params: alpha = 0.04 , beta = 0.93 
Qbar eigenvalues: 1.017047 0.9575653 
Negative log-likelihood: 426.4703 
Number of valid obs: 299 / 299 
Start NLL: 426.4703 

=== DCC M-STEP DIAGNOSTIC ===
Starting DCC params:
alpha_1  beta_1 
   0.04    0.93 

Optimized DCC params:
   alpha_1     beta_1 
0.13634141 0.03597607 

Optimization convergence: 0 
Final objective value: 424.2065 
Optimizer convergence code: 0 
  0 = success, 1 = maxit reached, 51/52 = warning
Starting NLL: 426.4703 
Final NLL: 424.2065 
Improvement: 2.263802 
Function evaluations: 9 
At boundary: FALSE 

=== TESTING OBJECTIVE AT START PARAMS ===

=== OBJECTIVE FUNCTION DIAGNOSTIC ===
Weight summary: min = 0.4267791 , max = 0.7175496 , mean = 0.4962229 
Effective sample size: 296.4141 
Params: alpha = 0.13 , beta = 0.82 
Qbar eigenvalues: 1.030454 0.9529472 
Negative log-likelihood: 423.9601 
Number of valid obs: 299 / 299 
Start NLL: 423.9601 

=== DCC M-STEP DIAGNOSTIC ===
Starting DCC params:
alpha_1  beta_1 
   0.13    0.82 

Optimized DCC params:
   alpha_1     beta_1 
0.18483640 0.08223976 

Optimization convergence: 0 
Final objective value: 417.8799 
Optimizer convergence code: 0 
  0 = success, 1 = maxit reached, 51/52 = warning
Starting NLL: 423.9601 
Final NLL: 417.8799 
Improvement: 6.080127 
Function evaluations: 10 
At boundary: FALSE 

=== EM ITERATION 5 ===

=== EM ITERATION 5 ===
  LL before M-step: -764.854
  LL after M-step:  -764.731
  Change: 0.122017
Log-Likelihood: -764.731 (Duration: 00:00:16)


==========================================================
EM Iteration 6... 
=== TESTING OBJECTIVE AT START PARAMS ===

=== OBJECTIVE FUNCTION DIAGNOSTIC ===
Weight summary: min = 0.2120147 , max = 0.6052102 , mean = 0.5029857 
Effective sample size: 295.5515 
Params: alpha = 0.04 , beta = 0.93 
Qbar eigenvalues: 1.012982 0.9595684 
Negative log-likelihood: 425.6167 
Number of valid obs: 299 / 299 
Start NLL: 425.6167 

=== DCC M-STEP DIAGNOSTIC ===
Starting DCC params:
alpha_1  beta_1 
   0.04    0.93 

Optimized DCC params:
   alpha_1     beta_1 
0.12752778 0.01906509 

Optimization convergence: 0 
Final objective value: 423.5357 
Optimizer convergence code: 0 
  0 = success, 1 = maxit reached, 51/52 = warning
Starting NLL: 425.6167 
Final NLL: 423.5357 
Improvement: 2.080963 
Function evaluations: 9 
At boundary: FALSE 

=== TESTING OBJECTIVE AT START PARAMS ===

=== OBJECTIVE FUNCTION DIAGNOSTIC ===
Weight summary: min = 0.3947898 , max = 0.7879853 , mean = 0.4970143 
Effective sample size: 295.4692 
Params: alpha = 0.13 , beta = 0.82 
Qbar eigenvalues: 1.033643 0.9501339 
Negative log-likelihood: 424.6138 
Number of valid obs: 299 / 299 
Start NLL: 424.6138 

=== DCC M-STEP DIAGNOSTIC ===
Starting DCC params:
alpha_1  beta_1 
   0.13    0.82 

Optimized DCC params:
   alpha_1     beta_1 
0.19356081 0.09222735 

Optimization convergence: 0 
Final objective value: 418.4117 
Optimizer convergence code: 0 
  0 = success, 1 = maxit reached, 51/52 = warning
Starting NLL: 424.6138 
Final NLL: 418.4117 
Improvement: 6.202062 
Function evaluations: 9 
At boundary: FALSE 

=== EM ITERATION 6 ===

=== EM ITERATION 6 ===
  LL before M-step: -764.731
  LL after M-step:  -764.478
  Change: 0.253043
Log-Likelihood: -764.478 (Duration: 00:00:21)


==========================================================
EM Iteration 7... 
=== TESTING OBJECTIVE AT START PARAMS ===

=== OBJECTIVE FUNCTION DIAGNOSTIC ===
Weight summary: min = 0.09819718 , max = 0.6496061 , mean = 0.5024995 
Effective sample size: 293.951 
Params: alpha = 0.04 , beta = 0.93 
Qbar eigenvalues: 1.008515 0.9632759 
Negative log-likelihood: 425.128 
Number of valid obs: 299 / 299 
Start NLL: 425.128 

=== DCC M-STEP DIAGNOSTIC ===
Starting DCC params:
alpha_1  beta_1 
   0.04    0.93 

Optimized DCC params:
  alpha_1    beta_1 
0.1174957 0.0100000 

Optimization convergence: 0 
Final objective value: 423.2387 
Optimizer convergence code: 0 
  0 = success, 1 = maxit reached, 51/52 = warning
Starting NLL: 425.128 
Final NLL: 423.2387 
Improvement: 1.889324 
Function evaluations: 7 
At boundary: FALSE 

=== TESTING OBJECTIVE AT START PARAMS ===

=== OBJECTIVE FUNCTION DIAGNOSTIC ===
Weight summary: min = 0.3503939 , max = 0.9018028 , mean = 0.4975005 
Effective sample size: 293.8508 
Params: alpha = 0.13 , beta = 0.82 
Qbar eigenvalues: 1.038231 0.9459454 
Negative log-likelihood: 424.9627 
Number of valid obs: 299 / 299 
Start NLL: 424.9627 

=== DCC M-STEP DIAGNOSTIC ===
Starting DCC params:
alpha_1  beta_1 
   0.13    0.82 

Optimized DCC params:
  alpha_1    beta_1 
0.2052025 0.1051197 

Optimization convergence: 0 
Final objective value: 418.6155 
Optimizer convergence code: 0 
  0 = success, 1 = maxit reached, 51/52 = warning
Starting NLL: 424.9627 
Final NLL: 418.6155 
Improvement: 6.347183 
Function evaluations: 9 
At boundary: FALSE 

=== EM ITERATION 7 ===

=== EM ITERATION 7 ===
  LL before M-step: -764.478
  LL after M-step:  -764.068
  Change: 0.409981
Log-Likelihood: -764.068 (Duration: 00:00:21)


==========================================================
EM Iteration 8... 
=== TESTING OBJECTIVE AT START PARAMS ===

=== OBJECTIVE FUNCTION DIAGNOSTIC ===
Weight summary: min = 0.03090059 , max = 0.703666 , mean = 0.5026623 
Effective sample size: 291.5 
Params: alpha = 0.04 , beta = 0.93 
Qbar eigenvalues: 1.003042 0.9663253 
Negative log-likelihood: 425.0905 
Number of valid obs: 299 / 299 
Start NLL: 425.0905 

=== DCC M-STEP DIAGNOSTIC ===
Starting DCC params:
alpha_1  beta_1 
   0.04    0.93 

Optimized DCC params:
  alpha_1    beta_1 
0.1079832 0.0100000 

Optimization convergence: 0 
Final objective value: 423.356 
Optimizer convergence code: 0 
  0 = success, 1 = maxit reached, 51/52 = warning
Starting NLL: 425.0905 
Final NLL: 423.356 
Improvement: 1.734515 
Function evaluations: 7 
At boundary: FALSE 

=== TESTING OBJECTIVE AT START PARAMS ===

=== OBJECTIVE FUNCTION DIAGNOSTIC ===
Weight summary: min = 0.296334 , max = 0.9690994 , mean = 0.4973377 
Effective sample size: 291.3427 
Params: alpha = 0.13 , beta = 0.82 
Qbar eigenvalues: 1.044703 0.9401645 
Negative log-likelihood: 424.7292 
Number of valid obs: 299 / 299 
Start NLL: 424.7292 

=== DCC M-STEP DIAGNOSTIC ===
Starting DCC params:
alpha_1  beta_1 
   0.13    0.82 

Optimized DCC params:
  alpha_1    beta_1 
0.2200809 0.1172653 

Optimization convergence: 0 
Final objective value: 418.2014 
Optimizer convergence code: 0 
  0 = success, 1 = maxit reached, 51/52 = warning
Starting NLL: 424.7292 
Final NLL: 418.2014 
Improvement: 6.527824 
Function evaluations: 9 
At boundary: FALSE 

=== EM ITERATION 8 ===

=== EM ITERATION 8 ===
  LL before M-step: -764.068
  LL after M-step:  -763.57
  Change: 0.498698
Log-Likelihood: -763.57 (Duration: 00:00:17)


==========================================================
EM Iteration 9... 
=== TESTING OBJECTIVE AT START PARAMS ===

=== OBJECTIVE FUNCTION DIAGNOSTIC ===
Weight summary: min = 0.008662663 , max = 0.7637664 , mean = 0.5035122 
Effective sample size: 288.2416 
Params: alpha = 0.04 , beta = 0.93 
Qbar eigenvalues: 0.9993313 0.9686897 
Negative log-likelihood: 425.7508 
Number of valid obs: 299 / 299 
Start NLL: 425.7508 

=== DCC M-STEP DIAGNOSTIC ===
Starting DCC params:
alpha_1  beta_1 
   0.04    0.93 

Optimized DCC params:
   alpha_1     beta_1 
0.09978033 0.01000000 

Optimization convergence: 0 
Final objective value: 424.1051 
Optimizer convergence code: 0 
  0 = success, 1 = maxit reached, 51/52 = warning
Starting NLL: 425.7508 
Final NLL: 424.1051 
Improvement: 1.645713 
Function evaluations: 7 
At boundary: FALSE 

=== TESTING OBJECTIVE AT START PARAMS ===

=== OBJECTIVE FUNCTION DIAGNOSTIC ===
Weight summary: min = 0.2362336 , max = 0.9913373 , mean = 0.4964878 
Effective sample size: 287.9463 
Params: alpha = 0.13 , beta = 0.82 
Qbar eigenvalues: 1.052121 0.9335599 
Negative log-likelihood: 423.8845 
Number of valid obs: 299 / 299 
Start NLL: 423.8845 

=== DCC M-STEP DIAGNOSTIC ===
Starting DCC params:
alpha_1  beta_1 
   0.13    0.82 

Optimized DCC params:
  alpha_1    beta_1 
0.2377573 0.1254855 

Optimization convergence: 0 
Final objective value: 417.1289 
Optimizer convergence code: 0 
  0 = success, 1 = maxit reached, 51/52 = warning
Starting NLL: 423.8845 
Final NLL: 417.1289 
Improvement: 6.755686 
Function evaluations: 9 
At boundary: FALSE 

=== EM ITERATION 9 ===

=== EM ITERATION 9 ===
  LL before M-step: -763.57
  LL after M-step:  -763.052
  Change: 0.518003
Log-Likelihood: -763.052 (Duration: 00:00:19)


==========================================================
EM Iteration 10... 
=== TESTING OBJECTIVE AT START PARAMS ===

=== OBJECTIVE FUNCTION DIAGNOSTIC ===
Weight summary: min = 0.002907284 , max = 0.820517 , mean = 0.5049034 
Effective sample size: 284.4447 
Params: alpha = 0.04 , beta = 0.93 
Qbar eigenvalues: 0.9979622 0.9689362 
Negative log-likelihood: 426.9156 
Number of valid obs: 299 / 299 
Start NLL: 426.9156 

=== DCC M-STEP DIAGNOSTIC ===
Starting DCC params:
alpha_1  beta_1 
   0.04    0.93 

Optimized DCC params:
   alpha_1     beta_1 
0.09326928 0.01000000 

Optimization convergence: 0 
Final objective value: 425.2961 
Optimizer convergence code: 0 
  0 = success, 1 = maxit reached, 51/52 = warning
Starting NLL: 426.9156 
Final NLL: 425.2961 
Improvement: 1.619481 
Function evaluations: 7 
At boundary: FALSE 

=== TESTING OBJECTIVE AT START PARAMS ===

=== OBJECTIVE FUNCTION DIAGNOSTIC ===
Weight summary: min = 0.179483 , max = 0.9970927 , mean = 0.4950966 
Effective sample size: 283.8918 
Params: alpha = 0.13 , beta = 0.82 
Qbar eigenvalues: 1.060321 0.9264512 
Negative log-likelihood: 422.5854 
Number of valid obs: 299 / 299 
Start NLL: 422.5854 

=== DCC M-STEP DIAGNOSTIC ===
Starting DCC params:
alpha_1  beta_1 
   0.13    0.82 

Optimized DCC params:
  alpha_1    beta_1 
0.2566952 0.1296634 

Optimization convergence: 0 
Final objective value: 415.5577 
Optimizer convergence code: 0 
  0 = success, 1 = maxit reached, 51/52 = warning
Starting NLL: 422.5854 
Final NLL: 415.5577 
Improvement: 7.027671 
Function evaluations: 20 
At boundary: FALSE 

=== EM ITERATION 10 ===

=== EM ITERATION 10 ===
  LL before M-step: -763.052
  LL after M-step:  -762.497
  Change: 0.554563
Log-Likelihood: -762.497 (Duration: 00:00:26)


==========================================================
EM Iteration 11... 
=== TESTING OBJECTIVE AT START PARAMS ===

=== OBJECTIVE FUNCTION DIAGNOSTIC ===
Weight summary: min = 0.001267232 , max = 0.8696181 , mean = 0.5066366 
Effective sample size: 280.3424 
Params: alpha = 0.04 , beta = 0.93 
Qbar eigenvalues: 0.9978588 0.9712801 
Negative log-likelihood: 428.6309 
Number of valid obs: 299 / 299 
Start NLL: 428.6309 

=== DCC M-STEP DIAGNOSTIC ===
Starting DCC params:
alpha_1  beta_1 
   0.04    0.93 

Optimized DCC params:
   alpha_1     beta_1 
0.09125094 0.01000000 

Optimization convergence: 0 
Final objective value: 426.9782 
Optimizer convergence code: 0 
  0 = success, 1 = maxit reached, 51/52 = warning
Starting NLL: 428.6309 
Final NLL: 426.9782 
Improvement: 1.652706 
Function evaluations: 7 
At boundary: FALSE 

=== TESTING OBJECTIVE AT START PARAMS ===

=== OBJECTIVE FUNCTION DIAGNOSTIC ===
Weight summary: min = 0.1303819 , max = 0.9987328 , mean = 0.4933634 
Effective sample size: 279.3917 
Params: alpha = 0.13 , beta = 0.82 
Qbar eigenvalues: 1.069435 0.9183771 
Negative log-likelihood: 421.0046 
Number of valid obs: 299 / 299 
Start NLL: 421.0046 

=== DCC M-STEP DIAGNOSTIC ===
Starting DCC params:
alpha_1  beta_1 
   0.13    0.82 

Optimized DCC params:
  alpha_1    beta_1 
0.2745975 0.1310281 

Optimization convergence: 0 
Final objective value: 413.6775 
Optimizer convergence code: 0 
  0 = success, 1 = maxit reached, 51/52 = warning
Starting NLL: 421.0046 
Final NLL: 413.6775 
Improvement: 7.327039 
Function evaluations: 9 
At boundary: FALSE 

=== EM ITERATION 11 ===

=== EM ITERATION 11 ===
  LL before M-step: -762.497
  LL after M-step:  -761.955
  Change: 0.542285
Log-Likelihood: -761.955 (Duration: 00:00:20)


==========================================================
EM Iteration 12... 
=== TESTING OBJECTIVE AT START PARAMS ===

=== OBJECTIVE FUNCTION DIAGNOSTIC ===
Weight summary: min = 0.0007022992 , max = 0.9357104 , mean = 0.5072998 
Effective sample size: 275.4673 
Params: alpha = 0.04 , beta = 0.93 
Qbar eigenvalues: 0.9985212 0.9668606 
Negative log-likelihood: 428.939 
Number of valid obs: 299 / 299 
Start NLL: 428.939 

=== DCC M-STEP DIAGNOSTIC ===
Starting DCC params:
alpha_1  beta_1 
   0.04    0.93 

Optimized DCC params:
   alpha_1     beta_1 
0.08805793 0.01000000 

Optimization convergence: 0 
Final objective value: 427.2929 
Optimizer convergence code: 0 
  0 = success, 1 = maxit reached, 51/52 = warning
Starting NLL: 428.939 
Final NLL: 427.2929 
Improvement: 1.646154 
Function evaluations: 7 
At boundary: FALSE 

=== TESTING OBJECTIVE AT START PARAMS ===

=== OBJECTIVE FUNCTION DIAGNOSTIC ===
Weight summary: min = 0.06428958 , max = 0.9992977 , mean = 0.4927002 
Effective sample size: 274.1695 
Params: alpha = 0.13 , beta = 0.82 
Qbar eigenvalues: 1.07915 0.9098271 
Negative log-likelihood: 420.4592 
Number of valid obs: 299 / 299 
Start NLL: 420.4592 

=== DCC M-STEP DIAGNOSTIC ===
Starting DCC params:
alpha_1  beta_1 
   0.13    0.82 

Optimized DCC params:
  alpha_1    beta_1 
0.2933318 0.1274586 

Optimization convergence: 0 
Final objective value: 412.6997 
Optimizer convergence code: 0 
  0 = success, 1 = maxit reached, 51/52 = warning
Starting NLL: 420.4592 
Final NLL: 412.6997 
Improvement: 7.759591 
Function evaluations: 10 
At boundary: FALSE 

=== EM ITERATION 12 ===

=== EM ITERATION 12 ===
  LL before M-step: -761.955
  LL after M-step:  -761.378
  Change: 0.576801
Log-Likelihood: -761.378 (Duration: 00:00:22)


==========================================================
EM Iteration 13... 
=== TESTING OBJECTIVE AT START PARAMS ===

=== OBJECTIVE FUNCTION DIAGNOSTIC ===
Weight summary: min = 0.0004711231 , max = 0.9689007 , mean = 0.5089062 
Effective sample size: 272.1058 
Params: alpha = 0.04 , beta = 0.93 
Qbar eigenvalues: 1.000071 0.9696557 
Negative log-likelihood: 430.6663 
Number of valid obs: 299 / 299 
Start NLL: 430.6663 

=== DCC M-STEP DIAGNOSTIC ===
Starting DCC params:
alpha_1  beta_1 
   0.04    0.93 

Optimized DCC params:
   alpha_1     beta_1 
0.08973455 0.01000000 

Optimization convergence: 0 
Final objective value: 428.9852 
Optimizer convergence code: 0 
  0 = success, 1 = maxit reached, 51/52 = warning
Starting NLL: 430.6663 
Final NLL: 428.9852 
Improvement: 1.681096 
Function evaluations: 7 
At boundary: FALSE 

=== TESTING OBJECTIVE AT START PARAMS ===

=== OBJECTIVE FUNCTION DIAGNOSTIC ===
Weight summary: min = 0.03109928 , max = 0.9995289 , mean = 0.4910938 
Effective sample size: 270.3101 
Params: alpha = 0.13 , beta = 0.82 
Qbar eigenvalues: 1.088072 0.9017461 
Negative log-likelihood: 419.106 
Number of valid obs: 299 / 299 
Start NLL: 419.106 

=== DCC M-STEP DIAGNOSTIC ===
Starting DCC params:
alpha_1  beta_1 
   0.13    0.82 

Optimized DCC params:
  alpha_1    beta_1 
0.2961118 0.1257113 

Optimization convergence: 0 
Final objective value: 411.2083 
Optimizer convergence code: 0 
  0 = success, 1 = maxit reached, 51/52 = warning
Starting NLL: 419.106 
Final NLL: 411.2083 
Improvement: 7.897713 
Function evaluations: 10 
At boundary: FALSE 

=== EM ITERATION 13 ===

=== EM ITERATION 13 ===
  LL before M-step: -761.378
  LL after M-step:  -760.998
  Change: 0.380104
Log-Likelihood: -760.998 (Duration: 00:00:18)


==========================================================
EM Iteration 14... 
=== TESTING OBJECTIVE AT START PARAMS ===

=== OBJECTIVE FUNCTION DIAGNOSTIC ===
Weight summary: min = 0.0003835302 , max = 0.9847081 , mean = 0.5096348 
Effective sample size: 268.5376 
Params: alpha = 0.04 , beta = 0.93 
Qbar eigenvalues: 1.003305 0.9660647 
Negative log-likelihood: 431.2469 
Number of valid obs: 299 / 299 
Start NLL: 431.2469 

=== DCC M-STEP DIAGNOSTIC ===
Starting DCC params:
alpha_1  beta_1 
   0.04    0.93 

Optimized DCC params:
  alpha_1    beta_1 
0.0941926 0.0100000 

Optimization convergence: 0 
Final objective value: 429.5299 
Optimizer convergence code: 0 
  0 = success, 1 = maxit reached, 51/52 = warning
Starting NLL: 431.2469 
Final NLL: 429.5299 
Improvement: 1.717028 
Function evaluations: 7 
At boundary: FALSE 

=== TESTING OBJECTIVE AT START PARAMS ===

=== OBJECTIVE FUNCTION DIAGNOSTIC ===
Weight summary: min = 0.01529193 , max = 0.9996165 , mean = 0.4903652 
Effective sample size: 266.3628 
Params: alpha = 0.13 , beta = 0.82 
Qbar eigenvalues: 1.095053 0.8955799 
Negative log-likelihood: 418.5774 
Number of valid obs: 299 / 299 
Start NLL: 418.5774 

=== DCC M-STEP DIAGNOSTIC ===
Starting DCC params:
alpha_1  beta_1 
   0.13    0.82 

Optimized DCC params:
  alpha_1    beta_1 
0.2953755 0.1234197 

Optimization convergence: 0 
Final objective value: 410.5757 
Optimizer convergence code: 0 
  0 = success, 1 = maxit reached, 51/52 = warning
Starting NLL: 418.5774 
Final NLL: 410.5757 
Improvement: 8.001718 
Function evaluations: 10 
At boundary: FALSE 

=== EM ITERATION 14 ===

=== EM ITERATION 14 ===
  LL before M-step: -760.998
  LL after M-step:  -760.657
  Change: 0.34108
Log-Likelihood: -760.657 (Duration: 00:00:19)


==========================================================
EM Iteration 15... 
=== TESTING OBJECTIVE AT START PARAMS ===

=== OBJECTIVE FUNCTION DIAGNOSTIC ===
Weight summary: min = 0.0003561177 , max = 0.9913037 , mean = 0.5105788 
Effective sample size: 266.07 
Params: alpha = 0.04 , beta = 0.93 
Qbar eigenvalues: 1.006779 0.9615773 
Negative log-likelihood: 431.9753 
Number of valid obs: 299 / 299 
Start NLL: 431.9753 

=== DCC M-STEP DIAGNOSTIC ===
Starting DCC params:
alpha_1  beta_1 
   0.04    0.93 

Optimized DCC params:
  alpha_1    beta_1 
0.1000064 0.0100000 

Optimization convergence: 0 
Final objective value: 430.194 
Optimizer convergence code: 0 
  0 = success, 1 = maxit reached, 51/52 = warning
Starting NLL: 431.9753 
Final NLL: 430.194 
Improvement: 1.78139 
Function evaluations: 7 
At boundary: FALSE 

=== TESTING OBJECTIVE AT START PARAMS ===

=== OBJECTIVE FUNCTION DIAGNOSTIC ===
Weight summary: min = 0.00869634 , max = 0.9996439 , mean = 0.4894212 
Effective sample size: 263.5066 
Params: alpha = 0.13 , beta = 0.82 
Qbar eigenvalues: 1.100088 0.8912567 
Negative log-likelihood: 417.8015 
Number of valid obs: 299 / 299 
Start NLL: 417.8015 

=== DCC M-STEP DIAGNOSTIC ===
Starting DCC params:
alpha_1  beta_1 
   0.13    0.82 

Optimized DCC params:
  alpha_1    beta_1 
0.2878996 0.1232884 

Optimization convergence: 0 
Final objective value: 409.902 
Optimizer convergence code: 0 
  0 = success, 1 = maxit reached, 51/52 = warning
Starting NLL: 417.8015 
Final NLL: 409.902 
Improvement: 7.899457 
Function evaluations: 10 
At boundary: FALSE 

=== EM ITERATION 15 ===

=== EM ITERATION 15 ===
  LL before M-step: -760.657
  LL after M-step:  -760.342
  Change: 0.315162
Log-Likelihood: -760.342 (Duration: 00:00:25)


==========================================================
EM Iteration 16... 
=== TESTING OBJECTIVE AT START PARAMS ===

=== OBJECTIVE FUNCTION DIAGNOSTIC ===
Weight summary: min = 0.0003723702 , max = 0.9942077 , mean = 0.5116709 
Effective sample size: 264.1499 
Params: alpha = 0.04 , beta = 0.93 
Qbar eigenvalues: 1.011344 0.9571319 
Negative log-likelihood: 432.9335 
Number of valid obs: 299 / 299 
Start NLL: 432.9335 

=== DCC M-STEP DIAGNOSTIC ===
Starting DCC params:
alpha_1  beta_1 
   0.04    0.93 

Optimized DCC params:
  alpha_1    beta_1 
0.1093466 0.0100000 

Optimization convergence: 0 
Final objective value: 431.0129 
Optimizer convergence code: 0 
  0 = success, 1 = maxit reached, 51/52 = warning
Starting NLL: 432.9335 
Final NLL: 431.0129 
Improvement: 1.920625 
Function evaluations: 7 
At boundary: FALSE 

=== TESTING OBJECTIVE AT START PARAMS ===

=== OBJECTIVE FUNCTION DIAGNOSTIC ===
Weight summary: min = 0.005792344 , max = 0.9996276 , mean = 0.4883291 
Effective sample size: 261.1702 
Params: alpha = 0.13 , beta = 0.82 
Qbar eigenvalues: 1.102511 0.8895112 
Negative log-likelihood: 416.8135 
Number of valid obs: 299 / 299 
Start NLL: 416.8135 

=== DCC M-STEP DIAGNOSTIC ===
Starting DCC params:
alpha_1  beta_1 
   0.13    0.82 

Optimized DCC params:
  alpha_1    beta_1 
0.2769310 0.1264575 

Optimization convergence: 0 
Final objective value: 409.184 
Optimizer convergence code: 0 
  0 = success, 1 = maxit reached, 51/52 = warning
Starting NLL: 416.8135 
Final NLL: 409.184 
Improvement: 7.629573 
Function evaluations: 9 
At boundary: FALSE 

=== EM ITERATION 16 ===

=== EM ITERATION 16 ===
  LL before M-step: -760.342
  LL after M-step:  -759.802
  Change: 0.539512
Log-Likelihood: -759.802 (Duration: 00:00:19)


==========================================================
EM Iteration 17... 
=== TESTING OBJECTIVE AT START PARAMS ===

=== OBJECTIVE FUNCTION DIAGNOSTIC ===
Weight summary: min = 0.0004327846 , max = 0.9954409 , mean = 0.5138214 
Effective sample size: 262.8213 
Params: alpha = 0.04 , beta = 0.93 
Qbar eigenvalues: 1.017169 0.9544192 
Negative log-likelihood: 434.9962 
Number of valid obs: 299 / 299 
Start NLL: 434.9962 

=== DCC M-STEP DIAGNOSTIC ===
Starting DCC params:
alpha_1  beta_1 
   0.04    0.93 

Optimized DCC params:
  alpha_1    beta_1 
0.1223567 0.0100000 

Optimization convergence: 0 
Final objective value: 432.9108 
Optimizer convergence code: 0 
  0 = success, 1 = maxit reached, 51/52 = warning
Starting NLL: 434.9962 
Final NLL: 432.9108 
Improvement: 2.085478 
Function evaluations: 7 
At boundary: FALSE 

=== TESTING OBJECTIVE AT START PARAMS ===

=== OBJECTIVE FUNCTION DIAGNOSTIC ===
Weight summary: min = 0.004559138 , max = 0.9995672 , mean = 0.4861786 
Effective sample size: 259.1542 
Params: alpha = 0.13 , beta = 0.82 
Qbar eigenvalues: 1.101877 0.8907322 
Negative log-likelihood: 414.8882 
Number of valid obs: 299 / 299 
Start NLL: 414.8882 

=== DCC M-STEP DIAGNOSTIC ===
Starting DCC params:
alpha_1  beta_1 
   0.13    0.82 

Optimized DCC params:
  alpha_1    beta_1 
0.2606559 0.1329164 

Optimization convergence: 0 
Final objective value: 407.7034 
Optimizer convergence code: 0 
  0 = success, 1 = maxit reached, 51/52 = warning
Starting NLL: 414.8882 
Final NLL: 407.7034 
Improvement: 7.184811 
Function evaluations: 9 
At boundary: FALSE 

=== EM ITERATION 17 ===

=== EM ITERATION 17 ===
  LL before M-step: -759.802
  LL after M-step:  -759.304
  Change: 0.497848
Log-Likelihood: -759.304 (Duration: 00:00:23)


==========================================================
EM Iteration 18... 
=== TESTING OBJECTIVE AT START PARAMS ===

=== OBJECTIVE FUNCTION DIAGNOSTIC ===
Weight summary: min = 0.0005345473 , max = 0.9962632 , mean = 0.5159544 
Effective sample size: 261.2622 
Params: alpha = 0.04 , beta = 0.93 
Qbar eigenvalues: 1.023061 0.9500738 
Negative log-likelihood: 436.8734 
Number of valid obs: 299 / 299 
Start NLL: 436.8734 

=== DCC M-STEP DIAGNOSTIC ===
Starting DCC params:
alpha_1  beta_1 
   0.04    0.93 

Optimized DCC params:
  alpha_1    beta_1 
0.1381069 0.0100000 

Optimization convergence: 0 
Final objective value: 434.6194 
Optimizer convergence code: 0 
  0 = success, 1 = maxit reached, 51/52 = warning
Starting NLL: 436.8734 
Final NLL: 434.6194 
Improvement: 2.254024 
Function evaluations: 7 
At boundary: FALSE 

=== TESTING OBJECTIVE AT START PARAMS ===

=== OBJECTIVE FUNCTION DIAGNOSTIC ===
Weight summary: min = 0.003736754 , max = 0.9994655 , mean = 0.4840456 
Effective sample size: 256.8473 
Params: alpha = 0.13 , beta = 0.82 
Qbar eigenvalues: 1.100198 0.8929681 
Negative log-likelihood: 413.0584 
Number of valid obs: 299 / 299 
Start NLL: 413.0584 

=== DCC M-STEP DIAGNOSTIC ===
Starting DCC params:
alpha_1  beta_1 
   0.13    0.82 

Optimized DCC params:
  alpha_1    beta_1 
0.2451583 0.1401791 

Optimization convergence: 0 
Final objective value: 406.2441 
Optimizer convergence code: 0 
  0 = success, 1 = maxit reached, 51/52 = warning
Starting NLL: 413.0584 
Final NLL: 406.2441 
Improvement: 6.814309 
Function evaluations: 10 
At boundary: FALSE 

=== EM ITERATION 18 ===

=== EM ITERATION 18 ===
  LL before M-step: -759.304
  LL after M-step:  -758.919
  Change: 0.385523
Log-Likelihood: -758.919 (Duration: 00:00:23)


==========================================================
EM Iteration 19... 
=== TESTING OBJECTIVE AT START PARAMS ===

=== OBJECTIVE FUNCTION DIAGNOSTIC ===
Weight summary: min = 0.0006588148 , max = 0.9968233 , mean = 0.5179829 
Effective sample size: 259.9446 
Params: alpha = 0.04 , beta = 0.93 
Qbar eigenvalues: 1.02856 0.9453328 
Negative log-likelihood: 438.5799 
Number of valid obs: 299 / 299 
Start NLL: 438.5799 

=== DCC M-STEP DIAGNOSTIC ===
Starting DCC params:
alpha_1  beta_1 
   0.04    0.93 

Optimized DCC params:
  alpha_1    beta_1 
0.1531029 0.0100000 

Optimization convergence: 0 
Final objective value: 436.1648 
Optimizer convergence code: 0 
  0 = success, 1 = maxit reached, 51/52 = warning
Starting NLL: 438.5799 
Final NLL: 436.1648 
Improvement: 2.415106 
Function evaluations: 7 
At boundary: FALSE 

=== TESTING OBJECTIVE AT START PARAMS ===

=== OBJECTIVE FUNCTION DIAGNOSTIC ===
Weight summary: min = 0.003176663 , max = 0.9993412 , mean = 0.4820171 
Effective sample size: 254.7928 
Params: alpha = 0.13 , beta = 0.82 
Qbar eigenvalues: 1.098224 0.8951293 
Negative log-likelihood: 411.3787 
Number of valid obs: 299 / 299 
Start NLL: 411.3787 

=== DCC M-STEP DIAGNOSTIC ===
Starting DCC params:
alpha_1  beta_1 
   0.13    0.82 

Optimized DCC params:
  alpha_1    beta_1 
0.2319981 0.1464907 

Optimization convergence: 0 
Final objective value: 404.8186 
Optimizer convergence code: 0 
  0 = success, 1 = maxit reached, 51/52 = warning
Starting NLL: 411.3787 
Final NLL: 404.8186 
Improvement: 6.560073 
Function evaluations: 9 
At boundary: FALSE 

=== EM ITERATION 19 ===

=== EM ITERATION 19 ===
  LL before M-step: -758.919
  LL after M-step:  -758.667
  Change: 0.251427
Log-Likelihood: -758.667 (Duration: 00:00:18)


==========================================================
EM Iteration 20... 
=== TESTING OBJECTIVE AT START PARAMS ===

=== OBJECTIVE FUNCTION DIAGNOSTIC ===
Weight summary: min = 0.0007970136 , max = 0.9971476 , mean = 0.5200646 
Effective sample size: 259.0917 
Params: alpha = 0.04 , beta = 0.93 
Qbar eigenvalues: 1.033588 0.9407595 
Negative log-likelihood: 440.3096 
Number of valid obs: 299 / 299 
Start NLL: 440.3096 

=== DCC M-STEP DIAGNOSTIC ===
Starting DCC params:
alpha_1  beta_1 
   0.04    0.93 

Optimized DCC params:
  alpha_1    beta_1 
0.1655171 0.0100000 

Optimization convergence: 0 
Final objective value: 437.7489 
Optimizer convergence code: 0 
  0 = success, 1 = maxit reached, 51/52 = warning
Starting NLL: 440.3096 
Final NLL: 437.7489 
Improvement: 2.560683 
Function evaluations: 7 
At boundary: FALSE 

=== TESTING OBJECTIVE AT START PARAMS ===

=== OBJECTIVE FUNCTION DIAGNOSTIC ===
Weight summary: min = 0.002852386 , max = 0.999203 , mean = 0.4799354 
Effective sample size: 253.2039 
Params: alpha = 0.13 , beta = 0.82 
Qbar eigenvalues: 1.09629 0.8971561 
Negative log-likelihood: 409.6802 
Number of valid obs: 299 / 299 
Start NLL: 409.6802 

=== DCC M-STEP DIAGNOSTIC ===
Starting DCC params:
alpha_1  beta_1 
   0.13    0.82 

Optimized DCC params:
  alpha_1    beta_1 
0.2212394 0.1518840 

Optimization convergence: 0 
Final objective value: 403.3009 
Optimizer convergence code: 0 
  0 = success, 1 = maxit reached, 51/52 = warning
Starting NLL: 409.6802 
Final NLL: 403.3009 
Improvement: 6.379321 
Function evaluations: 9 
At boundary: FALSE 

=== EM ITERATION 20 ===

=== EM ITERATION 20 ===
  LL before M-step: -758.667
  LL after M-step:  -758.516
  Change: 0.15182
Log-Likelihood: -758.516 (Duration: 00:00:18)


==========================================================
EM Iteration 21... 
=== TESTING OBJECTIVE AT START PARAMS ===

=== OBJECTIVE FUNCTION DIAGNOSTIC ===
Weight summary: min = 0.0009504167 , max = 0.997314 , mean = 0.5222633 
Effective sample size: 258.6798 
Params: alpha = 0.04 , beta = 0.93 
Qbar eigenvalues: 1.038231 0.936548 
Negative log-likelihood: 442.1461 
Number of valid obs: 299 / 299 
Start NLL: 442.1461 

=== DCC M-STEP DIAGNOSTIC ===
Starting DCC params:
alpha_1  beta_1 
   0.04    0.93 

Optimized DCC params:
  alpha_1    beta_1 
0.1752742 0.0100000 

Optimization convergence: 0 
Final objective value: 439.4564 
Optimizer convergence code: 0 
  0 = success, 1 = maxit reached, 51/52 = warning
Starting NLL: 442.1461 
Final NLL: 439.4564 
Improvement: 2.689619 
Function evaluations: 7 
At boundary: FALSE 

=== TESTING OBJECTIVE AT START PARAMS ===

=== OBJECTIVE FUNCTION DIAGNOSTIC ===
Weight summary: min = 0.002686027 , max = 0.9990496 , mean = 0.4777367 
Effective sample size: 252.0488 
Params: alpha = 0.13 , beta = 0.82 
Qbar eigenvalues: 1.094334 0.8991201 
Negative log-likelihood: 407.8735 
Number of valid obs: 299 / 299 
Start NLL: 407.8735 

=== DCC M-STEP DIAGNOSTIC ===
Starting DCC params:
alpha_1  beta_1 
   0.13    0.82 

Optimized DCC params:
  alpha_1    beta_1 
0.2127254 0.1566903 

Optimization convergence: 0 
Final objective value: 401.636 
Optimizer convergence code: 0 
  0 = success, 1 = maxit reached, 51/52 = warning
Starting NLL: 407.8735 
Final NLL: 401.636 
Improvement: 6.237511 
Function evaluations: 9 
At boundary: FALSE 

=== EM ITERATION 21 ===

=== EM ITERATION 21 ===
  LL before M-step: -758.516
  LL after M-step:  -758.43
  Change: 0.0859444
Log-Likelihood: -758.43 (Duration: 00:00:16)


==========================================================
EM Iteration 22... 
=== TESTING OBJECTIVE AT START PARAMS ===

=== OBJECTIVE FUNCTION DIAGNOSTIC ===
Weight summary: min = 0.001123722 , max = 0.9973747 , mean = 0.5245373 
Effective sample size: 258.6017 
Params: alpha = 0.04 , beta = 0.93 
Qbar eigenvalues: 1.042288 0.9324545 
Negative log-likelihood: 444.0196 
Number of valid obs: 299 / 299 
Start NLL: 444.0196 

=== DCC M-STEP DIAGNOSTIC ===
Starting DCC params:
alpha_1  beta_1 
   0.04    0.93 

Optimized DCC params:
  alpha_1    beta_1 
0.1827601 0.0100000 

Optimization convergence: 0 
Final objective value: 441.2182 
Optimizer convergence code: 0 
  0 = success, 1 = maxit reached, 51/52 = warning
Starting NLL: 444.0196 
Final NLL: 441.2182 
Improvement: 2.801375 
Function evaluations: 7 
At boundary: FALSE 

=== TESTING OBJECTIVE AT START PARAMS ===

=== OBJECTIVE FUNCTION DIAGNOSTIC ===
Weight summary: min = 0.002625253 , max = 0.9988763 , mean = 0.4754627 
Effective sample size: 251.2329 
Params: alpha = 0.13 , beta = 0.82 
Qbar eigenvalues: 1.092343 0.9010878 
Negative log-likelihood: 405.9832 
Number of valid obs: 299 / 299 
Start NLL: 405.9832 

=== DCC M-STEP DIAGNOSTIC ===
Starting DCC params:
alpha_1  beta_1 
   0.13    0.82 

Optimized DCC params:
  alpha_1    beta_1 
0.2061914 0.1612379 

Optimization convergence: 0 
Final objective value: 399.8664 
Optimizer convergence code: 0 
  0 = success, 1 = maxit reached, 51/52 = warning
Starting NLL: 405.9832 
Final NLL: 399.8664 
Improvement: 6.116782 
Function evaluations: 9 
At boundary: FALSE 

=== EM ITERATION 22 ===

=== EM ITERATION 22 ===
  LL before M-step: -758.43
  LL after M-step:  -758.39
  Change: 0.0392904
Log-Likelihood: -758.39 (Duration: 00:00:19)


==========================================================
EM Iteration 23... 
=== TESTING OBJECTIVE AT START PARAMS ===

=== OBJECTIVE FUNCTION DIAGNOSTIC ===
Weight summary: min = 0.001314604 , max = 0.9973558 , mean = 0.5267821 
Effective sample size: 258.7518 
Params: alpha = 0.04 , beta = 0.93 
Qbar eigenvalues: 1.046009 0.9287694 
Negative log-likelihood: 445.8836 
Number of valid obs: 299 / 299 
Start NLL: 445.8836 

=== DCC M-STEP DIAGNOSTIC ===
Starting DCC params:
alpha_1  beta_1 
   0.04    0.93 

Optimized DCC params:
  alpha_1    beta_1 
0.1884329 0.0100000 

Optimization convergence: 0 
Final objective value: 442.984 
Optimizer convergence code: 0 
  0 = success, 1 = maxit reached, 51/52 = warning
Starting NLL: 445.8836 
Final NLL: 442.984 
Improvement: 2.899641 
Function evaluations: 7 
At boundary: FALSE 

=== TESTING OBJECTIVE AT START PARAMS ===

=== OBJECTIVE FUNCTION DIAGNOSTIC ===
Weight summary: min = 0.002644199 , max = 0.9986854 , mean = 0.4732179 
Effective sample size: 250.6804 
Params: alpha = 0.13 , beta = 0.82 
Qbar eigenvalues: 1.090281 0.9030568 
Negative log-likelihood: 404.0913 
Number of valid obs: 299 / 299 
Start NLL: 404.0913 

=== DCC M-STEP DIAGNOSTIC ===
Starting DCC params:
alpha_1  beta_1 
   0.13    0.82 

Optimized DCC params:
  alpha_1    beta_1 
0.2012651 0.1657409 

Optimization convergence: 0 
Final objective value: 398.0846 
Optimizer convergence code: 0 
  0 = success, 1 = maxit reached, 51/52 = warning
Starting NLL: 404.0913 
Final NLL: 398.0846 
Improvement: 6.00671 
Function evaluations: 9 
At boundary: FALSE 

=== EM ITERATION 23 ===

=== EM ITERATION 23 ===
  LL before M-step: -758.39
  LL after M-step:  -758.385
  Change: 0.0056982
Log-Likelihood: -758.385 (Duration: 00:00:17)


==========================================================
EM Iteration 24... 
=== TESTING OBJECTIVE AT START PARAMS ===

=== OBJECTIVE FUNCTION DIAGNOSTIC ===
Weight summary: min = 0.00151796 , max = 0.9972567 , mean = 0.528912 
Effective sample size: 259.0532 
Params: alpha = 0.04 , beta = 0.93 
Qbar eigenvalues: 1.049553 0.9255301 
Negative log-likelihood: 447.6802 
Number of valid obs: 299 / 299 
Start NLL: 447.6802 

=== DCC M-STEP DIAGNOSTIC ===
Starting DCC params:
alpha_1  beta_1 
   0.04    0.93 

Optimized DCC params:
alpha_1  beta_1 
0.19276 0.01000 

Optimization convergence: 0 
Final objective value: 444.6912 
Optimizer convergence code: 0 
  0 = success, 1 = maxit reached, 51/52 = warning
Starting NLL: 447.6802 
Final NLL: 444.6912 
Improvement: 2.988981 
Function evaluations: 7 
At boundary: FALSE 

=== TESTING OBJECTIVE AT START PARAMS ===

=== OBJECTIVE FUNCTION DIAGNOSTIC ===
Weight summary: min = 0.00274334 , max = 0.998482 , mean = 0.471088 
Effective sample size: 250.3387 
Params: alpha = 0.13 , beta = 0.82 
Qbar eigenvalues: 1.088162 0.9050317 
Negative log-likelihood: 402.2728 
Number of valid obs: 299 / 299 
Start NLL: 402.2728 

=== DCC M-STEP DIAGNOSTIC ===
Starting DCC params:
alpha_1  beta_1 
   0.13    0.82 

Optimized DCC params:
  alpha_1    beta_1 
0.1976061 0.1703011 

Optimization convergence: 0 
Final objective value: 396.371 
Optimizer convergence code: 0 
  0 = success, 1 = maxit reached, 51/52 = warning
Starting NLL: 402.2728 
Final NLL: 396.371 
Improvement: 5.901814 
Function evaluations: 9 
At boundary: FALSE 

=== EM ITERATION 24 ===

=== EM ITERATION 24 ===
  LL before M-step: -758.385
  LL after M-step:  -758.401
  Change: -0.0167742
  *** WARNING: M-step DECREASED LL! ***
Log-Likelihood: -758.401 (Duration: 00:00:18)


==========================================================
EM Iteration 25... 
=== TESTING OBJECTIVE AT START PARAMS ===

=== OBJECTIVE FUNCTION DIAGNOSTIC ===
Weight summary: min = 0.001727864 , max = 0.9970694 , mean = 0.5308728 
Effective sample size: 259.4445 
Params: alpha = 0.04 , beta = 0.93 
Qbar eigenvalues: 1.052849 0.9226385 
Negative log-likelihood: 449.3475 
Number of valid obs: 299 / 299 
Start NLL: 449.3475 

=== DCC M-STEP DIAGNOSTIC ===
Starting DCC params:
alpha_1  beta_1 
   0.04    0.93 

Optimized DCC params:
  alpha_1    beta_1 
0.1961394 0.0100000 

Optimization convergence: 0 
Final objective value: 446.278 
Optimizer convergence code: 0 
  0 = success, 1 = maxit reached, 51/52 = warning
Starting NLL: 449.3475 
Final NLL: 446.278 
Improvement: 3.069532 
Function evaluations: 7 
At boundary: FALSE 

=== TESTING OBJECTIVE AT START PARAMS ===

=== OBJECTIVE FUNCTION DIAGNOSTIC ===
Weight summary: min = 0.002930641 , max = 0.9982721 , mean = 0.4691272 
Effective sample size: 250.1596 
Params: alpha = 0.13 , beta = 0.82 
Qbar eigenvalues: 1.086132 0.9070191 
Negative log-likelihood: 400.6043 
Number of valid obs: 299 / 299 
Start NLL: 400.6043 

=== DCC M-STEP DIAGNOSTIC ===
Starting DCC params:
alpha_1  beta_1 
   0.13    0.82 

Optimized DCC params:
  alpha_1    beta_1 
0.1948999 0.1745629 

Optimization convergence: 0 
Final objective value: 394.7861 
Optimizer convergence code: 0 
  0 = success, 1 = maxit reached, 51/52 = warning
Starting NLL: 400.6043 
Final NLL: 394.7861 
Improvement: 5.818284 
Function evaluations: 9 
At boundary: FALSE 

=== EM ITERATION 25 ===

=== EM ITERATION 25 ===
  LL before M-step: -758.401
  LL after M-step:  -758.432
  Change: -0.0305488
  *** WARNING: M-step DECREASED LL! ***
Log-Likelihood: -758.432 (Duration: 00:00:17)


==========================================================
EM Iteration 26... 
=== TESTING OBJECTIVE AT START PARAMS ===

=== OBJECTIVE FUNCTION DIAGNOSTIC ===
Weight summary: min = 0.00188761 , max = 0.9971412 , mean = 0.5329378 
Effective sample size: 259.7982 
Params: alpha = 0.04 , beta = 0.93 
Qbar eigenvalues: 1.055807 0.9195982 
Negative log-likelihood: 451.0741 
Number of valid obs: 299 / 299 
Start NLL: 451.0741 

=== DCC M-STEP DIAGNOSTIC ===
Starting DCC params:
alpha_1  beta_1 
   0.04    0.93 

Optimized DCC params:
 alpha_1   beta_1 
0.198746 0.010000 

Optimization convergence: 0 
Final objective value: 447.9253 
Optimizer convergence code: 0 
  0 = success, 1 = maxit reached, 51/52 = warning
Starting NLL: 451.0741 
Final NLL: 447.9253 
Improvement: 3.148825 
Function evaluations: 7 
At boundary: FALSE 

=== TESTING OBJECTIVE AT START PARAMS ===

=== OBJECTIVE FUNCTION DIAGNOSTIC ===
Weight summary: min = 0.00285881 , max = 0.9981124 , mean = 0.4670622 
Effective sample size: 249.9039 
Params: alpha = 0.13 , beta = 0.82 
Qbar eigenvalues: 1.083669 0.9093261 
Negative log-likelihood: 398.8078 
Number of valid obs: 299 / 299 
Start NLL: 398.8078 

=== DCC M-STEP DIAGNOSTIC ===
Starting DCC params:
alpha_1  beta_1 
   0.13    0.82 

Optimized DCC params:
  alpha_1    beta_1 
0.1930101 0.1792720 

Optimization convergence: 0 
Final objective value: 393.0925 
Optimizer convergence code: 0 
  0 = success, 1 = maxit reached, 51/52 = warning
Starting NLL: 398.8078 
Final NLL: 393.0925 
Improvement: 5.715309 
Function evaluations: 9 
At boundary: FALSE 

=== EM ITERATION 26 ===

=== EM ITERATION 26 ===
  LL before M-step: -758.432
  LL after M-step:  -758.482
  Change: -0.0504715
  *** WARNING: M-step DECREASED LL! ***
Log-Likelihood: -758.482 (Duration: 00:00:25)


==========================================================
EM Iteration 27... 
=== TESTING OBJECTIVE AT START PARAMS ===

=== OBJECTIVE FUNCTION DIAGNOSTIC ===
Weight summary: min = 0.002149117 , max = 0.9966827 , mean = 0.5345084 
Effective sample size: 260.2884 
Params: alpha = 0.04 , beta = 0.93 
Qbar eigenvalues: 1.058613 0.9174055 
Negative log-likelihood: 452.4376 
Number of valid obs: 299 / 299 
Start NLL: 452.4376 

=== DCC M-STEP DIAGNOSTIC ===
Starting DCC params:
alpha_1  beta_1 
   0.04    0.93 

Optimized DCC params:
  alpha_1    beta_1 
0.2004533 0.0100000 

Optimization convergence: 0 
Final objective value: 449.2266 
Optimizer convergence code: 0 
  0 = success, 1 = maxit reached, 51/52 = warning
Starting NLL: 452.4376 
Final NLL: 449.2266 
Improvement: 3.210964 
Function evaluations: 7 
At boundary: FALSE 

=== TESTING OBJECTIVE AT START PARAMS ===

=== OBJECTIVE FUNCTION DIAGNOSTIC ===
Weight summary: min = 0.003317265 , max = 0.9978509 , mean = 0.4654916 
Effective sample size: 249.9797 
Params: alpha = 0.13 , beta = 0.82 
Qbar eigenvalues: 1.081421 0.911368 
Negative log-likelihood: 397.4113 
Number of valid obs: 299 / 299 
Start NLL: 397.4113 

=== DCC M-STEP DIAGNOSTIC ===
Starting DCC params:
alpha_1  beta_1 
   0.13    0.82 

Optimized DCC params:
  alpha_1    beta_1 
0.1912807 0.1844243 

Optimization convergence: 0 
Final objective value: 391.8085 
Optimizer convergence code: 0 
  0 = success, 1 = maxit reached, 51/52 = warning
Starting NLL: 397.4113 
Final NLL: 391.8085 
Improvement: 5.602857 
Function evaluations: 9 
At boundary: FALSE 

=== EM ITERATION 27 ===

=== EM ITERATION 27 ===
  LL before M-step: -758.482
  LL after M-step:  -758.551
  Change: -0.068782
  *** WARNING: M-step DECREASED LL! ***
Log-Likelihood: -758.551 (Duration: 00:00:20)


==========================================================
EM Iteration 28... 
=== TESTING OBJECTIVE AT START PARAMS ===

=== OBJECTIVE FUNCTION DIAGNOSTIC ===
Weight summary: min = 0.002335142 , max = 0.9960369 , mean = 0.5357504 
Effective sample size: 260.7549 
Params: alpha = 0.04 , beta = 0.93 
Qbar eigenvalues: 1.060638 0.9153347 
Negative log-likelihood: 453.4737 
Number of valid obs: 299 / 299 
Start NLL: 453.4737 

=== DCC M-STEP DIAGNOSTIC ===
Starting DCC params:
alpha_1  beta_1 
   0.04    0.93 

Optimized DCC params:
  alpha_1    beta_1 
0.2015091 0.0100000 

Optimization convergence: 0 
Final objective value: 450.214 
Optimizer convergence code: 0 
  0 = success, 1 = maxit reached, 51/52 = warning
Starting NLL: 453.4737 
Final NLL: 450.214 
Improvement: 3.259652 
Function evaluations: 7 
At boundary: FALSE 

=== TESTING OBJECTIVE AT START PARAMS ===

=== OBJECTIVE FUNCTION DIAGNOSTIC ===
Weight summary: min = 0.003963107 , max = 0.9976649 , mean = 0.4642496 
Effective sample size: 250.1404 
Params: alpha = 0.13 , beta = 0.82 
Qbar eigenvalues: 1.079443 0.9131693 
Negative log-likelihood: 396.2892 
Number of valid obs: 299 / 299 
Start NLL: 396.2892 

=== DCC M-STEP DIAGNOSTIC ===
Starting DCC params:
alpha_1  beta_1 
   0.13    0.82 

Optimized DCC params:
  alpha_1    beta_1 
0.1901465 0.1894371 

Optimization convergence: 0 
Final objective value: 390.7905 
Optimizer convergence code: 0 
  0 = success, 1 = maxit reached, 51/52 = warning
Starting NLL: 396.2892 
Final NLL: 390.7905 
Improvement: 5.498709 
Function evaluations: 9 
At boundary: FALSE 

=== EM ITERATION 28 ===

=== EM ITERATION 28 ===
  LL before M-step: -758.551
  LL after M-step:  -758.631
  Change: -0.0793471
  *** WARNING: M-step DECREASED LL! ***
Log-Likelihood: -758.631 (Duration: 00:00:18)
