=== MS-VARMA-GARCH Verbose Output ===
Started: 2025-12-05 11:33:53 
Data dimensions: 300 x 2 
Number of states: 2 
Model type: multivariate 


=== MS-VARMA-GARCH Model Fitting ===
Model type: multivariate 
Number of states: 2 
Sample size: 300 
Control parameters:
  max_iter: 28 
  tol: 0.001 
  dcc_boundary_threshold: 0.02 
  dcc_boundary_criterion: bic 
  dcc_allow_refitting: TRUE 

Fitting the MS-ARMA-GARCH model via C++ EM algorithm...


==========================================================
EM Iteration 1... 
=== TESTING OBJECTIVE AT START PARAMS ===

=== OBJECTIVE FUNCTION DIAGNOSTIC ===
Weight summary: min = 0.2691279 , max = 0.6125591 , mean = 0.506166 
Effective sample size: 297.6505 
Params: alpha = 0.04 , beta = 0.93 
Qbar eigenvalues: 1.026458 0.9510907 
Negative log-likelihood: 428.738 
Number of valid obs: 299 / 299 
Start NLL: 428.738 

=== DCC M-STEP DIAGNOSTIC ===
Starting DCC params:
alpha_1  beta_1 
   0.04    0.93 

Optimized DCC params:
   alpha_1     beta_1 
0.15210694 0.08165823 

Optimization convergence: 0 
Final objective value: 426.1943 
Optimizer convergence code: 0 
  0 = success, 1 = maxit reached, 51/52 = warning
Starting NLL: 428.738 
Final NLL: 426.1943 
Improvement: 2.543687 
Function evaluations: 8 
At boundary: FALSE 

=== TESTING OBJECTIVE AT START PARAMS ===

=== OBJECTIVE FUNCTION DIAGNOSTIC ===
Weight summary: min = 0.3874409 , max = 0.7308721 , mean = 0.493834 
Effective sample size: 297.5825 
Params: alpha = 0.13 , beta = 0.82 
Qbar eigenvalues: 1.023978 0.960862 
Negative log-likelihood: 422.085 
Number of valid obs: 299 / 299 
Start NLL: 422.085 

=== DCC M-STEP DIAGNOSTIC ===
Starting DCC params:
alpha_1  beta_1 
   0.13    0.82 

Optimized DCC params:
   alpha_1     beta_1 
0.17053248 0.05235815 

Optimization convergence: 0 
Final objective value: 416.2029 
Optimizer convergence code: 0 
  0 = success, 1 = maxit reached, 51/52 = warning
Starting NLL: 422.085 
Final NLL: 416.2029 
Improvement: 5.882172 
Function evaluations: 10 
At boundary: FALSE 

=== EM ITERATION 1 ===

=== EM ITERATION 1 ===
  LL before M-step: -780.683
  LL after M-step:  -765.002
  Change: 15.6814
Log-Likelihood: -765.002 (Duration: 00:00:21)


==========================================================
EM Iteration 2... 
=== TESTING OBJECTIVE AT START PARAMS ===

=== OBJECTIVE FUNCTION DIAGNOSTIC ===
Weight summary: min = 0.2728755 , max = 0.5702605 , mean = 0.5058494 
Effective sample size: 297.6707 
Params: alpha = 0.04 , beta = 0.93 
Qbar eigenvalues: 1.02431 0.9532704 
Negative log-likelihood: 428.4716 
Number of valid obs: 299 / 299 
Start NLL: 428.4716 

=== DCC M-STEP DIAGNOSTIC ===
Starting DCC params:
alpha_1  beta_1 
   0.04    0.93 

Optimized DCC params:
   alpha_1     beta_1 
0.15195641 0.06759759 

Optimization convergence: 0 
Final objective value: 425.9047 
Optimizer convergence code: 0 
  0 = success, 1 = maxit reached, 51/52 = warning
Starting NLL: 428.4716 
Final NLL: 425.9047 
Improvement: 2.566899 
Function evaluations: 8 
At boundary: FALSE 

=== TESTING OBJECTIVE AT START PARAMS ===

=== OBJECTIVE FUNCTION DIAGNOSTIC ===
Weight summary: min = 0.4297395 , max = 0.7271245 , mean = 0.4941506 
Effective sample size: 297.6073 
Params: alpha = 0.13 , beta = 0.82 
Qbar eigenvalues: 1.025363 0.9580833 
Negative log-likelihood: 422.2635 
Number of valid obs: 299 / 299 
Start NLL: 422.2635 

=== DCC M-STEP DIAGNOSTIC ===
Starting DCC params:
alpha_1  beta_1 
   0.13    0.82 

Optimized DCC params:
   alpha_1     beta_1 
0.17130558 0.06220759 

Optimization convergence: 0 
Final objective value: 416.3748 
Optimizer convergence code: 0 
  0 = success, 1 = maxit reached, 51/52 = warning
Starting NLL: 422.2635 
Final NLL: 416.3748 
Improvement: 5.888737 
Function evaluations: 10 
At boundary: FALSE 

=== EM ITERATION 2 ===

=== EM ITERATION 2 ===
  LL before M-step: -765.002
  LL after M-step:  -764.953
  Change: 0.0484222
Log-Likelihood: -764.953 (Duration: 00:00:18)


==========================================================
EM Iteration 3... 
=== TESTING OBJECTIVE AT START PARAMS ===

=== OBJECTIVE FUNCTION DIAGNOSTIC ===
Weight summary: min = 0.2683181 , max = 0.573309 , mean = 0.505289 
Effective sample size: 297.4197 
Params: alpha = 0.04 , beta = 0.93 
Qbar eigenvalues: 1.022801 0.9538832 
Negative log-likelihood: 427.933 
Number of valid obs: 299 / 299 
Start NLL: 427.933 

=== DCC M-STEP DIAGNOSTIC ===
Starting DCC params:
alpha_1  beta_1 
   0.04    0.93 

Optimized DCC params:
   alpha_1     beta_1 
0.14882033 0.05766416 

Optimization convergence: 0 
Final objective value: 425.4201 
Optimizer convergence code: 0 
  0 = success, 1 = maxit reached, 51/52 = warning
Starting NLL: 427.933 
Final NLL: 425.4201 
Improvement: 2.512923 
Function evaluations: 9 
At boundary: FALSE 

=== TESTING OBJECTIVE AT START PARAMS ===

=== OBJECTIVE FUNCTION DIAGNOSTIC ===
Weight summary: min = 0.426691 , max = 0.7316819 , mean = 0.494711 
Effective sample size: 297.3517 
Params: alpha = 0.13 , beta = 0.82 
Qbar eigenvalues: 1.02629 0.9568527 
Negative log-likelihood: 422.697 
Number of valid obs: 299 / 299 
Start NLL: 422.697 

=== DCC M-STEP DIAGNOSTIC ===
Starting DCC params:
alpha_1  beta_1 
   0.13    0.82 

Optimized DCC params:
  alpha_1    beta_1 
0.1739866 0.0685572 

Optimization convergence: 0 
Final objective value: 416.779 
Optimizer convergence code: 0 
  0 = success, 1 = maxit reached, 51/52 = warning
Starting NLL: 422.697 
Final NLL: 416.779 
Improvement: 5.917969 
Function evaluations: 10 
At boundary: FALSE 

=== EM ITERATION 3 ===

=== EM ITERATION 3 ===
  LL before M-step: -764.953
  LL after M-step:  -764.911
  Change: 0.0423828
Log-Likelihood: -764.911 (Duration: 00:00:18)


==========================================================
EM Iteration 4... 
=== TESTING OBJECTIVE AT START PARAMS ===

=== OBJECTIVE FUNCTION DIAGNOSTIC ===
Weight summary: min = 0.273811 , max = 0.5747946 , mean = 0.5045844 
Effective sample size: 297.0492 
Params: alpha = 0.04 , beta = 0.93 
Qbar eigenvalues: 1.020502 0.9560043 
Negative log-likelihood: 427.316 
Number of valid obs: 299 / 299 
Start NLL: 427.316 

=== DCC M-STEP DIAGNOSTIC ===
Starting DCC params:
alpha_1  beta_1 
   0.04    0.93 

Optimized DCC params:
  alpha_1    beta_1 
0.1434522 0.0479072 

Optimization convergence: 0 
Final objective value: 424.9071 
Optimizer convergence code: 0 
  0 = success, 1 = maxit reached, 51/52 = warning
Starting NLL: 427.316 
Final NLL: 424.9071 
Improvement: 2.408917 
Function evaluations: 9 
At boundary: FALSE 

=== TESTING OBJECTIVE AT START PARAMS ===

=== OBJECTIVE FUNCTION DIAGNOSTIC ===
Weight summary: min = 0.4252054 , max = 0.726189 , mean = 0.4954156 
Effective sample size: 296.9768 
Params: alpha = 0.13 , beta = 0.82 
Qbar eigenvalues: 1.028121 0.9550915 
Negative log-likelihood: 423.2857 
Number of valid obs: 299 / 299 
Start NLL: 423.2857 

=== DCC M-STEP DIAGNOSTIC ===
Starting DCC params:
alpha_1  beta_1 
   0.13    0.82 

Optimized DCC params:
   alpha_1     beta_1 
0.17843165 0.07484379 

Optimization convergence: 0 
Final objective value: 417.2995 
Optimizer convergence code: 0 
  0 = success, 1 = maxit reached, 51/52 = warning
Starting NLL: 423.2857 
Final NLL: 417.2995 
Improvement: 5.98626 
Function evaluations: 10 
At boundary: FALSE 

=== EM ITERATION 4 ===

=== EM ITERATION 4 ===
  LL before M-step: -764.911
  LL after M-step:  -764.853
  Change: 0.0573455
Log-Likelihood: -764.853 (Duration: 00:00:16)


==========================================================
EM Iteration 5... 
=== TESTING OBJECTIVE AT START PARAMS ===

=== OBJECTIVE FUNCTION DIAGNOSTIC ===
Weight summary: min = 0.2822703 , max = 0.5732693 , mean = 0.5037795 
Effective sample size: 296.4925 
Params: alpha = 0.04 , beta = 0.93 
Qbar eigenvalues: 1.017345 0.9581687 
Negative log-likelihood: 426.5411 
Number of valid obs: 299 / 299 
Start NLL: 426.5411 

=== DCC M-STEP DIAGNOSTIC ===
Starting DCC params:
alpha_1  beta_1 
   0.04    0.93 

Optimized DCC params:
   alpha_1     beta_1 
0.13627269 0.03579965 

Optimization convergence: 0 
Final objective value: 424.277 
Optimizer convergence code: 0 
  0 = success, 1 = maxit reached, 51/52 = warning
Starting NLL: 426.5411 
Final NLL: 424.277 
Improvement: 2.264101 
Function evaluations: 9 
At boundary: FALSE 

=== TESTING OBJECTIVE AT START PARAMS ===

=== OBJECTIVE FUNCTION DIAGNOSTIC ===
Weight summary: min = 0.4267307 , max = 0.7177297 , mean = 0.4962205 
Effective sample size: 296.4161 
Params: alpha = 0.13 , beta = 0.82 
Qbar eigenvalues: 1.030461 0.9529371 
Negative log-likelihood: 423.9575 
Number of valid obs: 299 / 299 
Start NLL: 423.9575 

=== DCC M-STEP DIAGNOSTIC ===
Starting DCC params:
alpha_1  beta_1 
   0.13    0.82 

Optimized DCC params:
   alpha_1     beta_1 
0.18481888 0.08228012 

Optimization convergence: 0 
Final objective value: 417.8777 
Optimizer convergence code: 0 
  0 = success, 1 = maxit reached, 51/52 = warning
Starting NLL: 423.9575 
Final NLL: 417.8777 
Improvement: 6.079848 
Function evaluations: 10 
At boundary: FALSE 

=== EM ITERATION 5 ===

=== EM ITERATION 5 ===
  LL before M-step: -764.853
  LL after M-step:  -764.734
  Change: 0.119776
Log-Likelihood: -764.734 (Duration: 00:00:17)


==========================================================
EM Iteration 6... 
=== TESTING OBJECTIVE AT START PARAMS ===

=== OBJECTIVE FUNCTION DIAGNOSTIC ===
Weight summary: min = 0.2119995 , max = 0.6042193 , mean = 0.5029847 
Effective sample size: 295.5543 
Params: alpha = 0.04 , beta = 0.93 
Qbar eigenvalues: 1.01347 0.960437 
Negative log-likelihood: 425.7185 
Number of valid obs: 299 / 299 
Start NLL: 425.7185 

=== DCC M-STEP DIAGNOSTIC ===
Starting DCC params:
alpha_1  beta_1 
   0.04    0.93 

Optimized DCC params:
   alpha_1     beta_1 
0.12748013 0.01892107 

Optimization convergence: 0 
Final objective value: 423.6359 
Optimizer convergence code: 0 
  0 = success, 1 = maxit reached, 51/52 = warning
Starting NLL: 425.7185 
Final NLL: 423.6359 
Improvement: 2.082552 
Function evaluations: 9 
At boundary: FALSE 

=== TESTING OBJECTIVE AT START PARAMS ===

=== OBJECTIVE FUNCTION DIAGNOSTIC ===
Weight summary: min = 0.3957807 , max = 0.7880005 , mean = 0.4970153 
Effective sample size: 295.4721 
Params: alpha = 0.13 , beta = 0.82 
Qbar eigenvalues: 1.033591 0.9502065 
Negative log-likelihood: 424.6171 
Number of valid obs: 299 / 299 
Start NLL: 424.6171 

=== DCC M-STEP DIAGNOSTIC ===
Starting DCC params:
alpha_1  beta_1 
   0.13    0.82 

Optimized DCC params:
   alpha_1     beta_1 
0.19345936 0.09212858 

Optimization convergence: 0 
Final objective value: 418.4164 
Optimizer convergence code: 0 
  0 = success, 1 = maxit reached, 51/52 = warning
Starting NLL: 424.6171 
Final NLL: 418.4164 
Improvement: 6.200713 
Function evaluations: 10 
At boundary: FALSE 

=== EM ITERATION 6 ===

=== EM ITERATION 6 ===
  LL before M-step: -764.734
  LL after M-step:  -764.483
  Change: 0.251041
Log-Likelihood: -764.483 (Duration: 00:00:21)


==========================================================
EM Iteration 7... 
=== TESTING OBJECTIVE AT START PARAMS ===

=== OBJECTIVE FUNCTION DIAGNOSTIC ===
Weight summary: min = 0.09845057 , max = 0.6478754 , mean = 0.5024849 
Effective sample size: 293.9539 
Params: alpha = 0.04 , beta = 0.93 
Qbar eigenvalues: 1.00912 0.9642402 
Negative log-likelihood: 425.2334 
Number of valid obs: 299 / 299 
Start NLL: 425.2334 

=== DCC M-STEP DIAGNOSTIC ===
Starting DCC params:
alpha_1  beta_1 
   0.04    0.93 

Optimized DCC params:
  alpha_1    beta_1 
0.1177883 0.0000010 

Optimization convergence: 0 
Final objective value: 423.3399 
Optimizer convergence code: 0 
  0 = success, 1 = maxit reached, 51/52 = warning
Starting NLL: 425.2334 
Final NLL: 423.3399 
Improvement: 1.893502 
Function evaluations: 13 
At boundary: FALSE 

=== TESTING OBJECTIVE AT START PARAMS ===

=== OBJECTIVE FUNCTION DIAGNOSTIC ===
Weight summary: min = 0.3521246 , max = 0.9015494 , mean = 0.4975151 
Effective sample size: 293.8543 
Params: alpha = 0.13 , beta = 0.82 
Qbar eigenvalues: 1.038125 0.9460624 
Negative log-likelihood: 424.9806 
Number of valid obs: 299 / 299 
Start NLL: 424.9806 

=== DCC M-STEP DIAGNOSTIC ===
Starting DCC params:
alpha_1  beta_1 
   0.13    0.82 

Optimized DCC params:
  alpha_1    beta_1 
0.2049795 0.1049291 

Optimization convergence: 0 
Final objective value: 418.6343 
Optimizer convergence code: 0 
  0 = success, 1 = maxit reached, 51/52 = warning
Starting NLL: 424.9806 
Final NLL: 418.6343 
Improvement: 6.346265 
Function evaluations: 9 
At boundary: FALSE 

=== EM ITERATION 7 ===

=== EM ITERATION 7 ===
  LL before M-step: -764.483
  LL after M-step:  -764.065
  Change: 0.417477
Log-Likelihood: -764.065 (Duration: 00:00:26)


==========================================================
EM Iteration 8... 
=== TESTING OBJECTIVE AT START PARAMS ===

=== OBJECTIVE FUNCTION DIAGNOSTIC ===
Weight summary: min = 0.03117859 , max = 0.7031372 , mean = 0.502603 
Effective sample size: 291.4611 
Params: alpha = 0.04 , beta = 0.93 
Qbar eigenvalues: 1.003075 0.965766 
Negative log-likelihood: 424.9983 
Number of valid obs: 299 / 299 
Start NLL: 424.9983 

=== DCC M-STEP DIAGNOSTIC ===
Starting DCC params:
alpha_1  beta_1 
   0.04    0.93 

Optimized DCC params:
  alpha_1    beta_1 
0.1083011 0.0000010 

Optimization convergence: 0 
Final objective value: 423.2625 
Optimizer convergence code: 0 
  0 = success, 1 = maxit reached, 51/52 = warning
Starting NLL: 424.9983 
Final NLL: 423.2625 
Improvement: 1.735786 
Function evaluations: 7 
At boundary: FALSE 

=== TESTING OBJECTIVE AT START PARAMS ===

=== OBJECTIVE FUNCTION DIAGNOSTIC ===
Weight summary: min = 0.2968628 , max = 0.9688214 , mean = 0.497397 
Effective sample size: 291.3065 
Params: alpha = 0.13 , beta = 0.82 
Qbar eigenvalues: 1.044553 0.9403001 
Negative log-likelihood: 424.7834 
Number of valid obs: 299 / 299 
Start NLL: 424.7834 

=== DCC M-STEP DIAGNOSTIC ===
Starting DCC params:
alpha_1  beta_1 
   0.13    0.82 

Optimized DCC params:
  alpha_1    beta_1 
0.2200646 0.1178671 

Optimization convergence: 0 
Final objective value: 418.2543 
Optimizer convergence code: 0 
  0 = success, 1 = maxit reached, 51/52 = warning
Starting NLL: 424.7834 
Final NLL: 418.2543 
Improvement: 6.529127 
Function evaluations: 9 
At boundary: FALSE 

=== EM ITERATION 8 ===

=== EM ITERATION 8 ===
  LL before M-step: -764.065
  LL after M-step:  -763.569
  Change: 0.49658
Log-Likelihood: -763.569 (Duration: 00:00:19)


==========================================================
EM Iteration 9... 
=== TESTING OBJECTIVE AT START PARAMS ===

=== OBJECTIVE FUNCTION DIAGNOSTIC ===
Weight summary: min = 0.008700865 , max = 0.7630425 , mean = 0.5034545 
Effective sample size: 288.2084 
Params: alpha = 0.04 , beta = 0.93 
Qbar eigenvalues: 0.9994179 0.9695246 
Negative log-likelihood: 425.7732 
Number of valid obs: 299 / 299 
Start NLL: 425.7732 

=== DCC M-STEP DIAGNOSTIC ===
Starting DCC params:
alpha_1  beta_1 
   0.04    0.93 

Optimized DCC params:
  alpha_1    beta_1 
0.1001647 0.0000010 

Optimization convergence: 0 
Final objective value: 424.1216 
Optimizer convergence code: 0 
  0 = success, 1 = maxit reached, 51/52 = warning
Starting NLL: 425.7732 
Final NLL: 424.1216 
Improvement: 1.651616 
Function evaluations: 7 
At boundary: FALSE 

=== TESTING OBJECTIVE AT START PARAMS ===

=== OBJECTIVE FUNCTION DIAGNOSTIC ===
Weight summary: min = 0.2369575 , max = 0.9912991 , mean = 0.4965455 
Effective sample size: 287.9172 
Params: alpha = 0.13 , beta = 0.82 
Qbar eigenvalues: 1.052115 0.9336395 
Negative log-likelihood: 423.9411 
Number of valid obs: 299 / 299 
Start NLL: 423.9411 

=== DCC M-STEP DIAGNOSTIC ===
Starting DCC params:
alpha_1  beta_1 
   0.13    0.82 

Optimized DCC params:
  alpha_1    beta_1 
0.2378555 0.1259880 

Optimization convergence: 0 
Final objective value: 417.1833 
Optimizer convergence code: 0 
  0 = success, 1 = maxit reached, 51/52 = warning
Starting NLL: 423.9411 
Final NLL: 417.1833 
Improvement: 6.757752 
Function evaluations: 9 
At boundary: FALSE 

=== EM ITERATION 9 ===

=== EM ITERATION 9 ===
  LL before M-step: -763.569
  LL after M-step:  -763.049
  Change: 0.519802
Log-Likelihood: -763.049 (Duration: 00:00:19)


==========================================================
EM Iteration 10... 
=== TESTING OBJECTIVE AT START PARAMS ===

=== OBJECTIVE FUNCTION DIAGNOSTIC ===
Weight summary: min = 0.002913845 , max = 0.8202585 , mean = 0.5048154 
Effective sample size: 284.3678 
Params: alpha = 0.04 , beta = 0.93 
Qbar eigenvalues: 0.9979504 0.968891 
Negative log-likelihood: 426.8384 
Number of valid obs: 299 / 299 
Start NLL: 426.8384 

=== DCC M-STEP DIAGNOSTIC ===
Starting DCC params:
alpha_1  beta_1 
   0.04    0.93 

Optimized DCC params:
   alpha_1     beta_1 
0.09342168 0.00000100 

Optimization convergence: 0 
Final objective value: 425.2166 
Optimizer convergence code: 0 
  0 = success, 1 = maxit reached, 51/52 = warning
Starting NLL: 426.8384 
Final NLL: 425.2166 
Improvement: 1.621829 
Function evaluations: 7 
At boundary: FALSE 

=== TESTING OBJECTIVE AT START PARAMS ===

=== OBJECTIVE FUNCTION DIAGNOSTIC ===
Weight summary: min = 0.1797415 , max = 0.9970862 , mean = 0.4951846 
Effective sample size: 283.8223 
Params: alpha = 0.13 , beta = 0.82 
Qbar eigenvalues: 1.060402 0.926347 
Negative log-likelihood: 422.662 
Number of valid obs: 299 / 299 
Start NLL: 422.662 

=== DCC M-STEP DIAGNOSTIC ===
Starting DCC params:
alpha_1  beta_1 
   0.13    0.82 

Optimized DCC params:
  alpha_1    beta_1 
0.2574979 0.1296909 

Optimization convergence: 0 
Final objective value: 415.6184 
Optimizer convergence code: 0 
  0 = success, 1 = maxit reached, 51/52 = warning
Starting NLL: 422.662 
Final NLL: 415.6184 
Improvement: 7.043516 
Function evaluations: 11 
At boundary: FALSE 

=== EM ITERATION 10 ===

=== EM ITERATION 10 ===
  LL before M-step: -763.049
  LL after M-step:  -762.499
  Change: 0.550046
Log-Likelihood: -762.499 (Duration: 00:00:27)


==========================================================
EM Iteration 11... 
=== TESTING OBJECTIVE AT START PARAMS ===

=== OBJECTIVE FUNCTION DIAGNOSTIC ===
Weight summary: min = 0.001265639 , max = 0.8698963 , mean = 0.5065494 
Effective sample size: 280.2707 
Params: alpha = 0.04 , beta = 0.93 
Qbar eigenvalues: 0.9978385 0.9720375 
Negative log-likelihood: 428.6174 
Number of valid obs: 299 / 299 
Start NLL: 428.6174 

=== DCC M-STEP DIAGNOSTIC ===
Starting DCC params:
alpha_1  beta_1 
   0.04    0.93 

Optimized DCC params:
   alpha_1     beta_1 
0.09093819 0.00000100 

Optimization convergence: 0 
Final objective value: 426.9642 
Optimizer convergence code: 0 
  0 = success, 1 = maxit reached, 51/52 = warning
Starting NLL: 428.6174 
Final NLL: 426.9642 
Improvement: 1.65328 
Function evaluations: 7 
At boundary: FALSE 

=== TESTING OBJECTIVE AT START PARAMS ===

=== OBJECTIVE FUNCTION DIAGNOSTIC ===
Weight summary: min = 0.1301037 , max = 0.9987344 , mean = 0.4934506 
Effective sample size: 279.3295 
Params: alpha = 0.13 , beta = 0.82 
Qbar eigenvalues: 1.069657 0.9180801 
Negative log-likelihood: 421.076 
Number of valid obs: 299 / 299 
Start NLL: 421.076 

=== DCC M-STEP DIAGNOSTIC ===
Starting DCC params:
alpha_1  beta_1 
   0.13    0.82 

Optimized DCC params:
  alpha_1    beta_1 
0.2758154 0.1307318 

Optimization convergence: 0 
Final objective value: 413.7249 
Optimizer convergence code: 0 
  0 = success, 1 = maxit reached, 51/52 = warning
Starting NLL: 421.076 
Final NLL: 413.7249 
Improvement: 7.351071 
Function evaluations: 10 
At boundary: FALSE 

=== EM ITERATION 11 ===

=== EM ITERATION 11 ===
  LL before M-step: -762.499
  LL after M-step:  -761.956
  Change: 0.542622
Log-Likelihood: -761.956 (Duration: 00:00:18)


==========================================================
EM Iteration 12... 
=== TESTING OBJECTIVE AT START PARAMS ===

=== OBJECTIVE FUNCTION DIAGNOSTIC ===
Weight summary: min = 0.0007016949 , max = 0.9360816 , mean = 0.5072622 
Effective sample size: 275.4269 
Params: alpha = 0.04 , beta = 0.93 
Qbar eigenvalues: 0.9985645 0.9685624 
Negative log-likelihood: 429.0412 
Number of valid obs: 299 / 299 
Start NLL: 429.0412 

=== DCC M-STEP DIAGNOSTIC ===
Starting DCC params:
alpha_1  beta_1 
   0.04    0.93 

Optimized DCC params:
   alpha_1     beta_1 
0.08829148 0.00000100 

Optimization convergence: 0 
Final objective value: 427.3957 
Optimizer convergence code: 0 
  0 = success, 1 = maxit reached, 51/52 = warning
Starting NLL: 429.0412 
Final NLL: 427.3957 
Improvement: 1.645409 
Function evaluations: 7 
At boundary: FALSE 

=== TESTING OBJECTIVE AT START PARAMS ===

=== OBJECTIVE FUNCTION DIAGNOSTIC ===
Weight summary: min = 0.06391841 , max = 0.9992983 , mean = 0.4927378 
Effective sample size: 274.1339 
Params: alpha = 0.13 , beta = 0.82 
Qbar eigenvalues: 1.079348 0.9094741 
Negative log-likelihood: 420.482 
Number of valid obs: 299 / 299 
Start NLL: 420.482 

=== DCC M-STEP DIAGNOSTIC ===
Starting DCC params:
alpha_1  beta_1 
   0.13    0.82 

Optimized DCC params:
  alpha_1    beta_1 
0.2943635 0.1273160 

Optimization convergence: 0 
Final objective value: 412.7018 
Optimizer convergence code: 0 
  0 = success, 1 = maxit reached, 51/52 = warning
Starting NLL: 420.482 
Final NLL: 412.7018 
Improvement: 7.78023 
Function evaluations: 10 
At boundary: FALSE 

=== EM ITERATION 12 ===

=== EM ITERATION 12 ===
  LL before M-step: -761.956
  LL after M-step:  -761.444
  Change: 0.512028
Log-Likelihood: -761.444 (Duration: 00:00:22)


==========================================================
EM Iteration 13... 
=== TESTING OBJECTIVE AT START PARAMS ===

=== OBJECTIVE FUNCTION DIAGNOSTIC ===
Weight summary: min = 0.0004699372 , max = 0.969827 , mean = 0.5080403 
Effective sample size: 271.598 
Params: alpha = 0.04 , beta = 0.93 
Qbar eigenvalues: 1.000153 0.9666635 
Negative log-likelihood: 429.7008 
Number of valid obs: 299 / 299 
Start NLL: 429.7008 

=== DCC M-STEP DIAGNOSTIC ===
Starting DCC params:
alpha_1  beta_1 
   0.04    0.93 

Optimized DCC params:
   alpha_1     beta_1 
0.08817045 0.00000100 

Optimization convergence: 0 
Final objective value: 428.0438 
Optimizer convergence code: 0 
  0 = success, 1 = maxit reached, 51/52 = warning
Starting NLL: 429.7008 
Final NLL: 428.0438 
Improvement: 1.657016 
Function evaluations: 7 
At boundary: FALSE 

=== TESTING OBJECTIVE AT START PARAMS ===

=== OBJECTIVE FUNCTION DIAGNOSTIC ===
Weight summary: min = 0.03017295 , max = 0.9995301 , mean = 0.4919597 
Effective sample size: 269.9542 
Params: alpha = 0.13 , beta = 0.82 
Qbar eigenvalues: 1.088625 0.901233 
Negative log-likelihood: 419.8859 
Number of valid obs: 299 / 299 
Start NLL: 419.8859 

=== DCC M-STEP DIAGNOSTIC ===
Starting DCC params:
alpha_1  beta_1 
   0.13    0.82 

Optimized DCC params:
  alpha_1    beta_1 
0.3006295 0.1241490 

Optimization convergence: 0 
Final objective value: 411.8631 
Optimizer convergence code: 0 
  0 = success, 1 = maxit reached, 51/52 = warning
Starting NLL: 419.8859 
Final NLL: 411.8631 
Improvement: 8.022831 
Function evaluations: 10 
At boundary: FALSE 

=== EM ITERATION 13 ===

=== EM ITERATION 13 ===
  LL before M-step: -761.444
  LL after M-step:  -761.045
  Change: 0.39952
Log-Likelihood: -761.045 (Duration: 00:00:21)


==========================================================
EM Iteration 14... 
=== TESTING OBJECTIVE AT START PARAMS ===

=== OBJECTIVE FUNCTION DIAGNOSTIC ===
Weight summary: min = 0.0003789918 , max = 0.9845583 , mean = 0.5088021 
Effective sample size: 268.5123 
Params: alpha = 0.04 , beta = 0.93 
Qbar eigenvalues: 1.003056 0.9639958 
Negative log-likelihood: 430.3701 
Number of valid obs: 299 / 299 
Start NLL: 430.3701 

=== DCC M-STEP DIAGNOSTIC ===
Starting DCC params:
alpha_1  beta_1 
   0.04    0.93 

Optimized DCC params:
   alpha_1     beta_1 
0.09185676 0.00000100 

Optimization convergence: 0 
Final objective value: 428.6753 
Optimizer convergence code: 0 
  0 = success, 1 = maxit reached, 51/52 = warning
Starting NLL: 430.3701 
Final NLL: 428.6753 
Improvement: 1.694777 
Function evaluations: 7 
At boundary: FALSE 

=== TESTING OBJECTIVE AT START PARAMS ===

=== OBJECTIVE FUNCTION DIAGNOSTIC ===
Weight summary: min = 0.01544172 , max = 0.999621 , mean = 0.4911979 
Effective sample size: 266.5294 
Params: alpha = 0.13 , beta = 0.82 
Qbar eigenvalues: 1.09578 0.8947483 
Negative log-likelihood: 419.3176 
Number of valid obs: 299 / 299 
Start NLL: 419.3176 

=== DCC M-STEP DIAGNOSTIC ===
Starting DCC params:
alpha_1  beta_1 
   0.13    0.82 

Optimized DCC params:
  alpha_1    beta_1 
0.2979967 0.1219298 

Optimization convergence: 0 
Final objective value: 411.2264 
Optimizer convergence code: 0 
  0 = success, 1 = maxit reached, 51/52 = warning
Starting NLL: 419.3176 
Final NLL: 411.2264 
Improvement: 8.091217 
Function evaluations: 10 
At boundary: FALSE 

=== EM ITERATION 14 ===

=== EM ITERATION 14 ===
  LL before M-step: -761.045
  LL after M-step:  -760.727
  Change: 0.317913
Log-Likelihood: -760.727 (Duration: 00:00:18)


==========================================================
EM Iteration 15... 
=== TESTING OBJECTIVE AT START PARAMS ===

=== OBJECTIVE FUNCTION DIAGNOSTIC ===
Weight summary: min = 0.000354615 , max = 0.9909218 , mean = 0.5096372 
Effective sample size: 266.1567 
Params: alpha = 0.04 , beta = 0.93 
Qbar eigenvalues: 1.006717 0.9610125 
Negative log-likelihood: 431.1339 
Number of valid obs: 299 / 299 
Start NLL: 431.1339 

=== DCC M-STEP DIAGNOSTIC ===
Starting DCC params:
alpha_1  beta_1 
   0.04    0.93 

Optimized DCC params:
   alpha_1     beta_1 
0.09763776 0.00000100 

Optimization convergence: 0 
Final objective value: 429.3766 
Optimizer convergence code: 0 
  0 = success, 1 = maxit reached, 51/52 = warning
Starting NLL: 431.1339 
Final NLL: 429.3766 
Improvement: 1.75734 
Function evaluations: 7 
At boundary: FALSE 

=== TESTING OBJECTIVE AT START PARAMS ===

=== OBJECTIVE FUNCTION DIAGNOSTIC ===
Weight summary: min = 0.009078153 , max = 0.9996454 , mean = 0.4903628 
Effective sample size: 263.8337 
Params: alpha = 0.13 , beta = 0.82 
Qbar eigenvalues: 1.100625 0.8905534 
Negative log-likelihood: 418.6647 
Number of valid obs: 299 / 299 
Start NLL: 418.6647 

=== DCC M-STEP DIAGNOSTIC ===
Starting DCC params:
alpha_1  beta_1 
   0.13    0.82 

Optimized DCC params:
  alpha_1    beta_1 
0.2900203 0.1214977 

Optimization convergence: 0 
Final objective value: 410.6613 
Optimizer convergence code: 0 
  0 = success, 1 = maxit reached, 51/52 = warning
Starting NLL: 418.6647 
Final NLL: 410.6613 
Improvement: 8.003413 
Function evaluations: 10 
At boundary: FALSE 

=== EM ITERATION 15 ===

=== EM ITERATION 15 ===
  LL before M-step: -760.727
  LL after M-step:  -760.439
  Change: 0.28813
Log-Likelihood: -760.439 (Duration: 00:00:27)


==========================================================
EM Iteration 16... 
=== TESTING OBJECTIVE AT START PARAMS ===

=== OBJECTIVE FUNCTION DIAGNOSTIC ===
Weight summary: min = 0.000370456 , max = 0.9938674 , mean = 0.5106557 
Effective sample size: 264.3625 
Params: alpha = 0.04 , beta = 0.93 
Qbar eigenvalues: 1.011133 0.9569448 
Negative log-likelihood: 432.0467 
Number of valid obs: 299 / 299 
Start NLL: 432.0467 

=== DCC M-STEP DIAGNOSTIC ===
Starting DCC params:
alpha_1  beta_1 
   0.04    0.93 

Optimized DCC params:
  alpha_1    beta_1 
0.1067634 0.0000010 

Optimization convergence: 0 
Final objective value: 430.1565 
Optimizer convergence code: 0 
  0 = success, 1 = maxit reached, 51/52 = warning
Starting NLL: 432.0467 
Final NLL: 430.1565 
Improvement: 1.890168 
Function evaluations: 7 
At boundary: FALSE 

=== TESTING OBJECTIVE AT START PARAMS ===

=== OBJECTIVE FUNCTION DIAGNOSTIC ===
Weight summary: min = 0.006132626 , max = 0.9996295 , mean = 0.4893443 
Effective sample size: 261.6648 
Params: alpha = 0.13 , beta = 0.82 
Qbar eigenvalues: 1.103111 0.8888244 
Negative log-likelihood: 417.7719 
Number of valid obs: 299 / 299 
Start NLL: 417.7719 

=== DCC M-STEP DIAGNOSTIC ===
Starting DCC params:
alpha_1  beta_1 
   0.13    0.82 

Optimized DCC params:
  alpha_1    beta_1 
0.2790788 0.1240372 

Optimization convergence: 0 
Final objective value: 410.0176 
Optimizer convergence code: 0 
  0 = success, 1 = maxit reached, 51/52 = warning
Starting NLL: 417.7719 
Final NLL: 410.0176 
Improvement: 7.7543 
Function evaluations: 9 
At boundary: FALSE 

=== EM ITERATION 16 ===

=== EM ITERATION 16 ===
  LL before M-step: -760.439
  LL after M-step:  -759.945
  Change: 0.49344
Log-Likelihood: -759.945 (Duration: 00:00:22)


==========================================================
EM Iteration 17... 
=== TESTING OBJECTIVE AT START PARAMS ===

=== OBJECTIVE FUNCTION DIAGNOSTIC ===
Weight summary: min = 0.0004292835 , max = 0.9951413 , mean = 0.5127804 
Effective sample size: 263.1787 
Params: alpha = 0.04 , beta = 0.93 
Qbar eigenvalues: 1.016838 0.9542647 
Negative log-likelihood: 434.088 
Number of valid obs: 299 / 299 
Start NLL: 434.088 

=== DCC M-STEP DIAGNOSTIC ===
Starting DCC params:
alpha_1  beta_1 
   0.04    0.93 

Optimized DCC params:
 alpha_1   beta_1 
0.119748 0.000001 

Optimization convergence: 0 
Final objective value: 432.0309 
Optimizer convergence code: 0 
  0 = success, 1 = maxit reached, 51/52 = warning
Starting NLL: 434.088 
Final NLL: 432.0309 
Improvement: 2.057103 
Function evaluations: 7 
At boundary: FALSE 

=== TESTING OBJECTIVE AT START PARAMS ===

=== OBJECTIVE FUNCTION DIAGNOSTIC ===
Weight summary: min = 0.004858687 , max = 0.9995707 , mean = 0.4872196 
Effective sample size: 259.8268 
Params: alpha = 0.13 , beta = 0.82 
Qbar eigenvalues: 1.102395 0.8900357 
Negative log-likelihood: 415.8493 
Number of valid obs: 299 / 299 
Start NLL: 415.8493 

=== DCC M-STEP DIAGNOSTIC ===
Starting DCC params:
alpha_1  beta_1 
   0.13    0.82 

Optimized DCC params:
 alpha_1   beta_1 
0.262911 0.130308 

Optimization convergence: 0 
Final objective value: 408.5477 
Optimizer convergence code: 0 
  0 = success, 1 = maxit reached, 51/52 = warning
Starting NLL: 415.8493 
Final NLL: 408.5477 
Improvement: 7.301561 
Function evaluations: 9 
At boundary: FALSE 

=== EM ITERATION 17 ===

=== EM ITERATION 17 ===
  LL before M-step: -759.945
  LL after M-step:  -759.436
  Change: 0.508839
Log-Likelihood: -759.436 (Duration: 00:00:20)


==========================================================
EM Iteration 18... 
=== TESTING OBJECTIVE AT START PARAMS ===

=== OBJECTIVE FUNCTION DIAGNOSTIC ===
Weight summary: min = 0.0005312091 , max = 0.995992 , mean = 0.5149639 
Effective sample size: 261.6677 
Params: alpha = 0.04 , beta = 0.93 
Qbar eigenvalues: 1.022839 0.9500076 
Negative log-likelihood: 436.0332 
Number of valid obs: 299 / 299 
Start NLL: 436.0332 

=== DCC M-STEP DIAGNOSTIC ===
Starting DCC params:
alpha_1  beta_1 
   0.04    0.93 

Optimized DCC params:
  alpha_1    beta_1 
0.1357587 0.0000010 

Optimization convergence: 0 
Final objective value: 433.7993 
Optimizer convergence code: 0 
  0 = success, 1 = maxit reached, 51/52 = warning
Starting NLL: 436.0332 
Final NLL: 433.7993 
Improvement: 2.23383 
Function evaluations: 7 
At boundary: FALSE 

=== TESTING OBJECTIVE AT START PARAMS ===

=== OBJECTIVE FUNCTION DIAGNOSTIC ===
Weight summary: min = 0.004007999 , max = 0.9994688 , mean = 0.4850361 
Effective sample size: 257.5766 
Params: alpha = 0.13 , beta = 0.82 
Qbar eigenvalues: 1.100429 0.8925403 
Negative log-likelihood: 413.9304 
Number of valid obs: 299 / 299 
Start NLL: 413.9304 

=== DCC M-STEP DIAGNOSTIC ===
Starting DCC params:
alpha_1  beta_1 
   0.13    0.82 

Optimized DCC params:
  alpha_1    beta_1 
0.2472358 0.1384417 

Optimization convergence: 0 
Final objective value: 407.0423 
Optimizer convergence code: 0 
  0 = success, 1 = maxit reached, 51/52 = warning
Starting NLL: 413.9304 
Final NLL: 407.0423 
Improvement: 6.888128 
Function evaluations: 10 
At boundary: FALSE 

=== EM ITERATION 18 ===

=== EM ITERATION 18 ===
  LL before M-step: -759.436
  LL after M-step:  -759.009
  Change: 0.42686
Log-Likelihood: -759.009 (Duration: 00:00:19)


==========================================================
EM Iteration 19... 
=== TESTING OBJECTIVE AT START PARAMS ===

=== OBJECTIVE FUNCTION DIAGNOSTIC ===
Weight summary: min = 0.0006584361 , max = 0.9965762 , mean = 0.5170131 
Effective sample size: 260.302 
Params: alpha = 0.04 , beta = 0.93 
Qbar eigenvalues: 1.028555 0.9453496 
Negative log-likelihood: 437.7834 
Number of valid obs: 299 / 299 
Start NLL: 437.7834 

=== DCC M-STEP DIAGNOSTIC ===
Starting DCC params:
alpha_1  beta_1 
   0.04    0.93 

Optimized DCC params:
 alpha_1   beta_1 
0.151549 0.000001 

Optimization convergence: 0 
Final objective value: 435.3798 
Optimizer convergence code: 0 
  0 = success, 1 = maxit reached, 51/52 = warning
Starting NLL: 437.7834 
Final NLL: 435.3798 
Improvement: 2.403581 
Function evaluations: 7 
At boundary: FALSE 

=== TESTING OBJECTIVE AT START PARAMS ===

=== OBJECTIVE FUNCTION DIAGNOSTIC ===
Weight summary: min = 0.003423771 , max = 0.9993416 , mean = 0.4829869 
Effective sample size: 255.479 
Params: alpha = 0.13 , beta = 0.82 
Qbar eigenvalues: 1.098207 0.895021 
Negative log-likelihood: 412.2066 
Number of valid obs: 299 / 299 
Start NLL: 412.2066 

=== DCC M-STEP DIAGNOSTIC ===
Starting DCC params:
alpha_1  beta_1 
   0.13    0.82 

Optimized DCC params:
  alpha_1    beta_1 
0.2335698 0.1457426 

Optimization convergence: 0 
Final objective value: 405.61 
Optimizer convergence code: 0 
  0 = success, 1 = maxit reached, 51/52 = warning
Starting NLL: 412.2066 
Final NLL: 405.61 
Improvement: 6.596579 
Function evaluations: 10 
At boundary: FALSE 

=== EM ITERATION 19 ===

=== EM ITERATION 19 ===
  LL before M-step: -759.009
  LL after M-step:  -758.725
  Change: 0.284416
Log-Likelihood: -758.725 (Duration: 00:00:23)


==========================================================
EM Iteration 20... 
=== TESTING OBJECTIVE AT START PARAMS ===

=== OBJECTIVE FUNCTION DIAGNOSTIC ===
Weight summary: min = 0.0007975504 , max = 0.9969287 , mean = 0.5190842 
Effective sample size: 259.3556 
Params: alpha = 0.04 , beta = 0.93 
Qbar eigenvalues: 1.033677 0.9406028 
Negative log-likelihood: 439.4955 
Number of valid obs: 299 / 299 
Start NLL: 439.4955 

=== DCC M-STEP DIAGNOSTIC ===
Starting DCC params:
alpha_1  beta_1 
   0.04    0.93 

Optimized DCC params:
  alpha_1    beta_1 
0.1650745 0.0000010 

Optimization convergence: 0 
Final objective value: 436.9374 
Optimizer convergence code: 0 
  0 = success, 1 = maxit reached, 51/52 = warning
Starting NLL: 439.4955 
Final NLL: 436.9374 
Improvement: 2.558093 
Function evaluations: 7 
At boundary: FALSE 

=== TESTING OBJECTIVE AT START PARAMS ===

=== OBJECTIVE FUNCTION DIAGNOSTIC ===
Weight summary: min = 0.003071285 , max = 0.9992024 , mean = 0.4809158 
Effective sample size: 253.802 
Params: alpha = 0.13 , beta = 0.82 
Qbar eigenvalues: 1.096138 0.8972799 
Negative log-likelihood: 410.5109 
Number of valid obs: 299 / 299 
Start NLL: 410.5109 

=== DCC M-STEP DIAGNOSTIC ===
Starting DCC params:
alpha_1  beta_1 
   0.13    0.82 

Optimized DCC params:
  alpha_1    beta_1 
0.2223208 0.1518490 

Optimization convergence: 0 
Final objective value: 404.1158 
Optimizer convergence code: 0 
  0 = success, 1 = maxit reached, 51/52 = warning
Starting NLL: 410.5109 
Final NLL: 404.1158 
Improvement: 6.395077 
Function evaluations: 9 
At boundary: FALSE 

=== EM ITERATION 20 ===

=== EM ITERATION 20 ===
  LL before M-step: -758.725
  LL after M-step:  -758.551
  Change: 0.1736
Log-Likelihood: -758.551 (Duration: 00:00:16)


==========================================================
EM Iteration 21... 
=== TESTING OBJECTIVE AT START PARAMS ===

=== OBJECTIVE FUNCTION DIAGNOSTIC ===
Weight summary: min = 0.0009517845 , max = 0.9971077 , mean = 0.5212498 
Effective sample size: 258.8469 
Params: alpha = 0.04 , beta = 0.93 
Qbar eigenvalues: 1.038015 0.9357827 
Negative log-likelihood: 441.2284 
Number of valid obs: 299 / 299 
Start NLL: 441.2284 

=== DCC M-STEP DIAGNOSTIC ===
Starting DCC params:
alpha_1  beta_1 
   0.04    0.93 

Optimized DCC params:
  alpha_1    beta_1 
0.1757856 0.0000010 

Optimization convergence: 0 
Final objective value: 438.5361 
Optimizer convergence code: 0 
  0 = success, 1 = maxit reached, 51/52 = warning
Starting NLL: 441.2284 
Final NLL: 438.5361 
Improvement: 2.692312 
Function evaluations: 7 
At boundary: FALSE 

=== TESTING OBJECTIVE AT START PARAMS ===

=== OBJECTIVE FUNCTION DIAGNOSTIC ===
Weight summary: min = 0.002892287 , max = 0.9990482 , mean = 0.4787502 
Effective sample size: 252.558 
Params: alpha = 0.13 , beta = 0.82 
Qbar eigenvalues: 1.094102 0.8993367 
Negative log-likelihood: 408.7273 
Number of valid obs: 299 / 299 
Start NLL: 408.7273 

=== DCC M-STEP DIAGNOSTIC ===
Starting DCC params:
alpha_1  beta_1 
   0.13    0.82 

Optimized DCC params:
  alpha_1    beta_1 
0.2134237 0.1571826 

Optimization convergence: 0 
Final objective value: 402.4858 
Optimizer convergence code: 0 
  0 = success, 1 = maxit reached, 51/52 = warning
Starting NLL: 408.7273 
Final NLL: 402.4858 
Improvement: 6.241458 
Function evaluations: 9 
At boundary: FALSE 

=== EM ITERATION 21 ===

=== EM ITERATION 21 ===
  LL before M-step: -758.551
  LL after M-step:  -758.454
  Change: 0.0974427
Log-Likelihood: -758.454 (Duration: 00:00:17)


==========================================================
EM Iteration 22... 
=== TESTING OBJECTIVE AT START PARAMS ===

=== OBJECTIVE FUNCTION DIAGNOSTIC ===
Weight summary: min = 0.001123079 , max = 0.9971728 , mean = 0.5234544 
Effective sample size: 258.6832 
Params: alpha = 0.04 , beta = 0.93 
Qbar eigenvalues: 1.042892 0.9326107 
Negative log-likelihood: 443.1789 
Number of valid obs: 299 / 299 
Start NLL: 443.1789 

=== DCC M-STEP DIAGNOSTIC ===
Starting DCC params:
alpha_1  beta_1 
   0.04    0.93 

Optimized DCC params:
 alpha_1   beta_1 
0.183852 0.000001 

Optimization convergence: 0 
Final objective value: 440.3651 
Optimizer convergence code: 0 
  0 = success, 1 = maxit reached, 51/52 = warning
Starting NLL: 443.1789 
Final NLL: 440.3651 
Improvement: 2.8138 
Function evaluations: 7 
At boundary: FALSE 

=== TESTING OBJECTIVE AT START PARAMS ===

=== OBJECTIVE FUNCTION DIAGNOSTIC ===
Weight summary: min = 0.002827182 , max = 0.9988769 , mean = 0.4765456 
Effective sample size: 251.6735 
Params: alpha = 0.13 , beta = 0.82 
Qbar eigenvalues: 1.092102 0.9013814 
Negative log-likelihood: 406.8979 
Number of valid obs: 299 / 299 
Start NLL: 406.8979 

=== DCC M-STEP DIAGNOSTIC ===
Starting DCC params:
alpha_1  beta_1 
   0.13    0.82 

Optimized DCC params:
  alpha_1    beta_1 
0.2065603 0.1621315 

Optimization convergence: 0 
Final objective value: 400.7846 
Optimizer convergence code: 0 
  0 = success, 1 = maxit reached, 51/52 = warning
Starting NLL: 406.8979 
Final NLL: 400.7846 
Improvement: 6.113359 
Function evaluations: 9 
At boundary: FALSE 

=== EM ITERATION 22 ===

=== EM ITERATION 22 ===
  LL before M-step: -758.454
  LL after M-step:  -758.407
  Change: 0.0470124
Log-Likelihood: -758.407 (Duration: 00:00:17)


==========================================================
EM Iteration 23... 
=== TESTING OBJECTIVE AT START PARAMS ===

=== OBJECTIVE FUNCTION DIAGNOSTIC ===
Weight summary: min = 0.001312983 , max = 0.9971502 , mean = 0.525721 
Effective sample size: 258.7949 
Params: alpha = 0.04 , beta = 0.93 
Qbar eigenvalues: 1.046393 0.9284105 
Negative log-likelihood: 445.0009 
Number of valid obs: 299 / 299 
Start NLL: 445.0009 

=== DCC M-STEP DIAGNOSTIC ===
Starting DCC params:
alpha_1  beta_1 
   0.04    0.93 

Optimized DCC params:
  alpha_1    beta_1 
0.1900607 0.0000010 

Optimization convergence: 0 
Final objective value: 442.0841 
Optimizer convergence code: 0 
  0 = success, 1 = maxit reached, 51/52 = warning
Starting NLL: 445.0009 
Final NLL: 442.0841 
Improvement: 2.916766 
Function evaluations: 7 
At boundary: FALSE 

=== TESTING OBJECTIVE AT START PARAMS ===

=== OBJECTIVE FUNCTION DIAGNOSTIC ===
Weight summary: min = 0.002849797 , max = 0.998687 , mean = 0.474279 
Effective sample size: 251.0741 
Params: alpha = 0.13 , beta = 0.82 
Qbar eigenvalues: 1.090012 0.903316 
Negative log-likelihood: 404.9811 
Number of valid obs: 299 / 299 
Start NLL: 404.9811 

=== DCC M-STEP DIAGNOSTIC ===
Starting DCC params:
alpha_1  beta_1 
   0.13    0.82 

Optimized DCC params:
  alpha_1    beta_1 
0.2014680 0.1668608 

Optimization convergence: 0 
Final objective value: 398.9826 
Optimizer convergence code: 0 
  0 = success, 1 = maxit reached, 51/52 = warning
Starting NLL: 404.9811 
Final NLL: 398.9826 
Improvement: 5.998454 
Function evaluations: 9 
At boundary: FALSE 

=== EM ITERATION 23 ===

=== EM ITERATION 23 ===
  LL before M-step: -758.407
  LL after M-step:  -758.395
  Change: 0.012229
Log-Likelihood: -758.395 (Duration: 00:00:21)


==========================================================
EM Iteration 24... 
=== TESTING OBJECTIVE AT START PARAMS ===

=== OBJECTIVE FUNCTION DIAGNOSTIC ===
Weight summary: min = 0.001517016 , max = 0.9970342 , mean = 0.5278483 
Effective sample size: 259.0603 
Params: alpha = 0.04 , beta = 0.93 
Qbar eigenvalues: 1.049944 0.9250654 
Negative log-likelihood: 446.785 
Number of valid obs: 299 / 299 
Start NLL: 446.785 

=== DCC M-STEP DIAGNOSTIC ===
Starting DCC params:
alpha_1  beta_1 
   0.04    0.93 

Optimized DCC params:
  alpha_1    beta_1 
0.1947553 0.0000010 

Optimization convergence: 0 
Final objective value: 443.7759 
Optimizer convergence code: 0 
  0 = success, 1 = maxit reached, 51/52 = warning
Starting NLL: 446.785 
Final NLL: 443.7759 
Improvement: 3.009118 
Function evaluations: 7 
At boundary: FALSE 

=== TESTING OBJECTIVE AT START PARAMS ===

=== OBJECTIVE FUNCTION DIAGNOSTIC ===
Weight summary: min = 0.002965837 , max = 0.998483 , mean = 0.4721517 
Effective sample size: 250.6938 
Params: alpha = 0.13 , beta = 0.82 
Qbar eigenvalues: 1.087899 0.9053593 
Negative log-likelihood: 403.1703 
Number of valid obs: 299 / 299 
Start NLL: 403.1703 

=== DCC M-STEP DIAGNOSTIC ===
Starting DCC params:
alpha_1  beta_1 
   0.13    0.82 

Optimized DCC params:
  alpha_1    beta_1 
0.1975604 0.1716248 

Optimization convergence: 0 
Final objective value: 397.2811 
Optimizer convergence code: 0 
  0 = success, 1 = maxit reached, 51/52 = warning
Starting NLL: 403.1703 
Final NLL: 397.2811 
Improvement: 5.88927 
Function evaluations: 9 
At boundary: FALSE 

=== EM ITERATION 24 ===

=== EM ITERATION 24 ===
  LL before M-step: -758.395
  LL after M-step:  -758.409
  Change: -0.0141286
  *** WARNING: M-step DECREASED LL! ***
Log-Likelihood: -758.409 (Duration: 00:00:24)


==========================================================
EM Iteration 25... 
=== TESTING OBJECTIVE AT START PARAMS ===

=== OBJECTIVE FUNCTION DIAGNOSTIC ===
Weight summary: min = 0.001728175 , max = 0.9968236 , mean = 0.5297961 
Effective sample size: 259.4193 
Params: alpha = 0.04 , beta = 0.93 
Qbar eigenvalues: 1.053192 0.922096 
Negative log-likelihood: 448.4301 
Number of valid obs: 299 / 299 
Start NLL: 448.4301 

=== DCC M-STEP DIAGNOSTIC ===
Starting DCC params:
alpha_1  beta_1 
   0.04    0.93 

Optimized DCC params:
  alpha_1    beta_1 
0.1982438 0.0000010 

Optimization convergence: 0 
Final objective value: 445.3396 
Optimizer convergence code: 0 
  0 = success, 1 = maxit reached, 51/52 = warning
Starting NLL: 448.4301 
Final NLL: 445.3396 
Improvement: 3.090479 
Function evaluations: 7 
At boundary: FALSE 

=== TESTING OBJECTIVE AT START PARAMS ===

=== OBJECTIVE FUNCTION DIAGNOSTIC ===
Weight summary: min = 0.003176391 , max = 0.9982718 , mean = 0.4702039 
Effective sample size: 250.482 
Params: alpha = 0.13 , beta = 0.82 
Qbar eigenvalues: 1.085707 0.9073556 
Negative log-likelihood: 401.4849 
Number of valid obs: 299 / 299 
Start NLL: 401.4849 

=== DCC M-STEP DIAGNOSTIC ===
Starting DCC params:
alpha_1  beta_1 
   0.13    0.82 

Optimized DCC params:
  alpha_1    beta_1 
0.1946284 0.1765036 

Optimization convergence: 0 
Final objective value: 395.7027 
Optimizer convergence code: 0 
  0 = success, 1 = maxit reached, 51/52 = warning
Starting NLL: 401.4849 
Final NLL: 395.7027 
Improvement: 5.782166 
Function evaluations: 9 
At boundary: FALSE 

=== EM ITERATION 25 ===

=== EM ITERATION 25 ===
  LL before M-step: -758.409
  LL after M-step:  -758.444
  Change: -0.0348997
  *** WARNING: M-step DECREASED LL! ***
Log-Likelihood: -758.444 (Duration: 00:00:16)


==========================================================
EM Iteration 26... 
=== TESTING OBJECTIVE AT START PARAMS ===

=== OBJECTIVE FUNCTION DIAGNOSTIC ===
Weight summary: min = 0.001936352 , max = 0.9964896 , mean = 0.531493 
Effective sample size: 259.8292 
Params: alpha = 0.04 , beta = 0.93 
Qbar eigenvalues: 1.056271 0.9195955 
Negative log-likelihood: 449.8927 
Number of valid obs: 299 / 299 
Start NLL: 449.8927 

=== DCC M-STEP DIAGNOSTIC ===
Starting DCC params:
alpha_1  beta_1 
   0.04    0.93 

Optimized DCC params:
  alpha_1    beta_1 
0.2008704 0.0000010 

Optimization convergence: 0 
Final objective value: 446.7288 
Optimizer convergence code: 0 
  0 = success, 1 = maxit reached, 51/52 = warning
Starting NLL: 449.8927 
Final NLL: 446.7288 
Improvement: 3.16394 
Function evaluations: 7 
At boundary: FALSE 

=== TESTING OBJECTIVE AT START PARAMS ===

=== OBJECTIVE FUNCTION DIAGNOSTIC ===
Weight summary: min = 0.003510438 , max = 0.9980636 , mean = 0.468507 
Effective sample size: 250.4154 
Params: alpha = 0.13 , beta = 0.82 
Qbar eigenvalues: 1.08365 0.9093267 
Negative log-likelihood: 400.0195 
Number of valid obs: 299 / 299 
Start NLL: 400.0195 

=== DCC M-STEP DIAGNOSTIC ===
Starting DCC params:
alpha_1  beta_1 
   0.13    0.82 

Optimized DCC params:
  alpha_1    beta_1 
0.1925019 0.1810865 

Optimization convergence: 0 
Final objective value: 394.3253 
Optimizer convergence code: 0 
  0 = success, 1 = maxit reached, 51/52 = warning
Starting NLL: 400.0195 
Final NLL: 394.3253 
Improvement: 5.694267 
Function evaluations: 9 
At boundary: FALSE 

=== EM ITERATION 26 ===

=== EM ITERATION 26 ===
  LL before M-step: -758.444
  LL after M-step:  -758.49
  Change: -0.0458775
  *** WARNING: M-step DECREASED LL! ***
Log-Likelihood: -758.49 (Duration: 00:00:23)


==========================================================
EM Iteration 27... 
=== TESTING OBJECTIVE AT START PARAMS ===

=== OBJECTIVE FUNCTION DIAGNOSTIC ===
Weight summary: min = 0.002079519 , max = 0.9964243 , mean = 0.5332174 
Effective sample size: 260.1776 
Params: alpha = 0.04 , beta = 0.93 
Qbar eigenvalues: 1.058731 0.9167529 
Negative log-likelihood: 451.3113 
Number of valid obs: 299 / 299 
Start NLL: 451.3113 

=== DCC M-STEP DIAGNOSTIC ===
Starting DCC params:
alpha_1  beta_1 
   0.04    0.93 

Optimized DCC params:
 alpha_1   beta_1 
0.202736 0.000001 

Optimization convergence: 0 
Final objective value: 448.0788 
Optimizer convergence code: 0 
  0 = success, 1 = maxit reached, 51/52 = warning
Starting NLL: 451.3113 
Final NLL: 448.0788 
Improvement: 3.2325 
Function evaluations: 7 
At boundary: FALSE 

=== TESTING OBJECTIVE AT START PARAMS ===

=== OBJECTIVE FUNCTION DIAGNOSTIC ===
Weight summary: min = 0.003575706 , max = 0.9979205 , mean = 0.4667826 
Effective sample size: 250.2697 
Params: alpha = 0.13 , beta = 0.82 
Qbar eigenvalues: 1.081213 0.9116083 
Negative log-likelihood: 398.5003 
Number of valid obs: 299 / 299 
Start NLL: 398.5003 

=== DCC M-STEP DIAGNOSTIC ===
Starting DCC params:
alpha_1  beta_1 
   0.13    0.82 

Optimized DCC params:
  alpha_1    beta_1 
0.1910590 0.1860576 

Optimization convergence: 0 
Final objective value: 392.909 
Optimizer convergence code: 0 
  0 = success, 1 = maxit reached, 51/52 = warning
Starting NLL: 398.5003 
Final NLL: 392.909 
Improvement: 5.59137 
Function evaluations: 9 
At boundary: FALSE 

=== EM ITERATION 27 ===

=== EM ITERATION 27 ===
  LL before M-step: -758.49
  LL after M-step:  -758.555
  Change: -0.0657509
  *** WARNING: M-step DECREASED LL! ***
Log-Likelihood: -758.555 (Duration: 00:00:19)


==========================================================
EM Iteration 28... 
=== TESTING OBJECTIVE AT START PARAMS ===

=== OBJECTIVE FUNCTION DIAGNOSTIC ===
Weight summary: min = 0.002284789 , max = 0.9957908 , mean = 0.534506 
Effective sample size: 260.6279 
Params: alpha = 0.04 , beta = 0.93 
Qbar eigenvalues: 1.06087 0.9147015 
Negative log-likelihood: 452.397 
Number of valid obs: 299 / 299 
Start NLL: 452.397 

=== DCC M-STEP DIAGNOSTIC ===
Starting DCC params:
alpha_1  beta_1 
   0.04    0.93 

Optimized DCC params:
  alpha_1    beta_1 
0.2038234 0.0000010 

Optimization convergence: 0 
Final objective value: 449.1144 
Optimizer convergence code: 0 
  0 = success, 1 = maxit reached, 51/52 = warning
Starting NLL: 452.397 
Final NLL: 449.1144 
Improvement: 3.282616 
Function evaluations: 7 
At boundary: FALSE 

=== TESTING OBJECTIVE AT START PARAMS ===

=== OBJECTIVE FUNCTION DIAGNOSTIC ===
Weight summary: min = 0.004209239 , max = 0.9977152 , mean = 0.465494 
Effective sample size: 250.3935 
Params: alpha = 0.13 , beta = 0.82 
Qbar eigenvalues: 1.079084 0.9135112 
Negative log-likelihood: 397.3345 
Number of valid obs: 299 / 299 
Start NLL: 397.3345 

=== DCC M-STEP DIAGNOSTIC ===
Starting DCC params:
alpha_1  beta_1 
   0.13    0.82 

Optimized DCC params:
  alpha_1    beta_1 
0.1899435 0.1910992 

Optimization convergence: 0 
Final objective value: 391.8479 
Optimizer convergence code: 0 
  0 = success, 1 = maxit reached, 51/52 = warning
Starting NLL: 397.3345 
Final NLL: 391.8479 
Improvement: 5.486506 
Function evaluations: 9 
At boundary: FALSE 

=== EM ITERATION 28 ===

=== EM ITERATION 28 ===
  LL before M-step: -758.555
  LL after M-step:  -758.635
  Change: -0.0793859
  *** WARNING: M-step DECREASED LL! ***
Log-Likelihood: -758.635 (Duration: 00:00:18)
